12:17:50: Creating resource group General
12:17:50: Creating resource group Internal
12:17:50: Creating resource group Autodetect
12:17:50: Registering ResourceManager for type Mesh
12:17:50: Registering ResourceManager for type Material
12:17:50: Registering ResourceManager for type Skeleton
12:17:50: Loading mesh beech_tree.mesh...
12:17:50: Processing mesh...
12:17:50: Calculating transformation...
12:17:50: Apply rotation (quat.) 0.707107 -0.707107 -0 -0
12:17:50: final transform 1 0 0 0 0 -1.34359e-007 1 0 0 -1 -1.34359e-007 0 0 0 0 1
12:17:50: MeshSerializer writing mesh data to beech_tree.mesh...
12:17:50: File header written.
12:17:50: Writing mesh data...
12:17:50: Writing submesh...
12:17:50: Exporting submesh texture aliases...
12:17:50: Submesh texture aliases exported.
12:17:50: Submesh exported.
12:17:50: Writing submesh...
12:17:50: Exporting submesh texture aliases...
12:17:50: Submesh texture aliases exported.
12:17:50: Submesh exported.
12:17:50: Writing submesh...
12:17:50: Exporting submesh texture aliases...
12:17:50: Submesh texture aliases exported.
12:17:50: Submesh exported.
12:17:50: Exporting bounds information....
12:17:50: Bounds information exported.
12:17:50: Exporting submesh name table...
12:17:50: Submesh name table exported.
12:17:50: Exporting edge lists...
12:17:50: Edge lists exported
12:17:50: Mesh data exported.
12:17:50: MeshSerializer export successful.
12:17:50: Mesh saved as beech_tree.mesh.
