12:16:57: Creating resource group General
12:16:57: Creating resource group Internal
12:16:57: Creating resource group Autodetect
12:16:57: Registering ResourceManager for type Mesh
12:16:57: Registering ResourceManager for type Material
12:16:57: Registering ResourceManager for type Skeleton
12:16:57: XMLMeshSerializer reading mesh data from c:\PythonOgre\demos\ogreforests\media\trees\beech_tree.mesh.xml...
12:16:57: Reading submeshes...
12:16:57: Reading geometry...
12:16:57: Geometry done...
12:16:57: Reading geometry...
12:16:57: Geometry done...
12:16:57: Reading geometry...
12:16:57: Geometry done...
12:16:57: Submeshes done.
12:16:57: XMLMeshSerializer import successful.
12:16:57: Reorganising vertex buffers to automatic layout..
12:16:57: MeshSerializer writing mesh data to c:\PythonOgre\demos\ogreforests\media\trees\beech_tree.mesh...
12:16:57: File header written.
12:16:57: Writing mesh data...
12:16:57: Writing submesh...
12:16:57: Exporting submesh texture aliases...
12:16:57: Submesh texture aliases exported.
12:16:57: Submesh exported.
12:16:57: Writing submesh...
12:16:57: Exporting submesh texture aliases...
12:16:57: Submesh texture aliases exported.
12:16:57: Submesh exported.
12:16:57: Writing submesh...
12:16:57: Exporting submesh texture aliases...
12:16:57: Submesh texture aliases exported.
12:16:57: Submesh exported.
12:16:57: Exporting bounds information....
12:16:57: Bounds information exported.
12:16:57: Exporting submesh name table...
12:16:57: Submesh name table exported.
12:16:57: Exporting edge lists...
12:16:57: Edge lists exported
12:16:57: Mesh data exported.
12:16:57: MeshSerializer export successful.
12:16:57: Unregistering ResourceManager for type Skeleton
12:16:57: Unregistering ResourceManager for type Material
12:16:57: Unregistering ResourceManager for type Mesh
