01:25:41: Creating resource group General
01:25:41: Creating resource group Internal
01:25:41: Creating resource group Autodetect
01:25:41: Registering ResourceManager for type Mesh
01:25:41: Registering ResourceManager for type Material
01:25:41: Registering ResourceManager for type Skeleton
01:25:41: Loading mesh BigDarkBush.mesh...
01:25:41: Processing mesh...
01:25:41: Calculating transformation...
01:25:41: Apply rotation (quat.) 0.707107 -0.707107 -0 -0
01:25:41: final transform 1 0 0 0 0 -1.34359e-007 1 0 0 -1 -1.34359e-007 0 0 0 0 1
01:25:41: MeshSerializer writing mesh data to BigDarkBush.mesh...
01:25:41: File header written.
01:25:41: Writing mesh data...
01:25:41: Writing submesh...
01:25:41: Exporting submesh texture aliases...
01:25:41: Submesh texture aliases exported.
01:25:41: Submesh exported.
01:25:41: Exporting bounds information....
01:25:41: Bounds information exported.
01:25:41: Exporting submesh name table...
01:25:41: Submesh name table exported.
01:25:41: Exporting edge lists...
01:25:41: Edge lists exported
01:25:41: Mesh data exported.
01:25:41: MeshSerializer export successful.
01:25:41: Mesh saved as BigDarkBush.mesh.
