11:20:46: Creating resource group General
11:20:46: Creating resource group Internal
11:20:46: Creating resource group Autodetect
11:20:46: Registering ResourceManager for type Mesh
11:20:46: Registering ResourceManager for type Material
11:20:46: Registering ResourceManager for type Skeleton
11:20:46: XMLMeshSerializer reading mesh data from c:\PythonOgre\demos\ogreforests\media\trees\boulder2.mesh.xml...
11:20:46: Reading submeshes...
11:20:46: Reading geometry...
11:20:46: Geometry done...
11:20:46: Submeshes done.
11:20:46: XMLMeshSerializer import successful.
11:20:46: Reorganising vertex buffers to automatic layout..
11:20:46: MeshSerializer writing mesh data to c:\PythonOgre\demos\ogreforests\media\trees\boulder2.mesh...
11:20:46: File header written.
11:20:46: Writing mesh data...
11:20:46: Writing submesh...
11:20:46: Exporting submesh texture aliases...
11:20:46: Submesh texture aliases exported.
11:20:46: Submesh exported.
11:20:46: Exporting bounds information....
11:20:46: Bounds information exported.
11:20:46: Exporting submesh name table...
11:20:46: Submesh name table exported.
11:20:46: Exporting edge lists...
11:20:46: Edge lists exported
11:20:46: Mesh data exported.
11:20:46: MeshSerializer export successful.
11:20:46: Unregistering ResourceManager for type Skeleton
11:20:46: Unregistering ResourceManager for type Material
11:20:46: Unregistering ResourceManager for type Mesh
