17:46:34: Creating resource group General
17:46:34: Creating resource group Internal
17:46:34: Creating resource group Autodetect
17:46:34: SceneManagerFactory for type 'DefaultSceneManager' registered.
17:46:34: Registering ResourceManager for type Material
17:46:34: Registering ResourceManager for type Mesh
17:46:34: Registering ResourceManager for type Skeleton
17:46:34: MovableObjectFactory for type 'ParticleSystem' registered.
17:46:34: OverlayElementFactory for type Panel registered.
17:46:34: OverlayElementFactory for type BorderPanel registered.
17:46:34: OverlayElementFactory for type TextArea registered.
17:46:34: Registering ResourceManager for type Font
17:46:34: ArchiveFactory for archive type FileSystem registered.
17:46:34: ArchiveFactory for archive type Zip registered.
17:46:34: FreeImage version: 3.9.2
17:46:34: This program uses FreeImage, a free, open source image library supporting all common bitmap formats. See http://freeimage.sourceforge.net for details
17:46:34: Supported formats: bmp,ico,jpg,jif,jpeg,jpe,jng,koa,iff,lbm,mng,pbm,pbm,pcd,pcx,pgm,pgm,png,ppm,ppm,ras,tga,targa,tif,tiff,wap,wbmp,wbm,psd,cut,xbm,xpm,gif,hdr,g3,sgi
17:46:34: DDS codec registering
17:46:34: Registering ResourceManager for type HighLevelGpuProgram
17:46:34: Registering ResourceManager for type Compositor
17:46:34: MovableObjectFactory for type 'Entity' registered.
17:46:34: MovableObjectFactory for type 'Light' registered.
17:46:34: MovableObjectFactory for type 'BillboardSet' registered.
17:46:34: MovableObjectFactory for type 'ManualObject' registered.
17:46:34: MovableObjectFactory for type 'BillboardChain' registered.
17:46:34: MovableObjectFactory for type 'RibbonTrail' registered.
17:46:34: Loading library ../../plugins\RenderSystem_GL.dll
17:46:34: Installing plugin: GL RenderSystem
17:46:34: OpenGL Rendering Subsystem created.
17:46:35: Plugin successfully installed
17:46:35: Loading library ../../plugins\RenderSystem_Direct3D9.dll
17:46:35: Installing plugin: D3D9 RenderSystem
17:46:35: D3D9 : Direct3D9 Rendering Subsystem created.
17:46:36: D3D9: Driver Detection Starts
17:46:36: D3D9: Driver Detection Ends
17:46:36: Plugin successfully installed
17:46:36: Loading library ../../plugins\Plugin_ParticleFX.dll
17:46:36: Installing plugin: ParticleFX
17:46:36: Particle Emitter Type 'Point' registered
17:46:36: Particle Emitter Type 'Box' registered
17:46:36: Particle Emitter Type 'Ellipsoid' registered
17:46:36: Particle Emitter Type 'Cylinder' registered
17:46:36: Particle Emitter Type 'Ring' registered
17:46:36: Particle Emitter Type 'HollowEllipsoid' registered
17:46:36: Particle Affector Type 'LinearForce' registered
17:46:36: Particle Affector Type 'ColourFader' registered
17:46:36: Particle Affector Type 'ColourFader2' registered
17:46:36: Particle Affector Type 'ColourImage' registered
17:46:36: Particle Affector Type 'ColourInterpolator' registered
17:46:36: Particle Affector Type 'Scaler' registered
17:46:36: Particle Affector Type 'Rotator' registered
17:46:36: Particle Affector Type 'DirectionRandomiser' registered
17:46:36: Particle Affector Type 'DeflectorPlane' registered
17:46:36: Plugin successfully installed
17:46:36: Loading library ../../plugins\Plugin_BSPSceneManager.dll
17:46:36: Installing plugin: BSP Scene Manager
17:46:36: Plugin successfully installed
17:46:36: Loading library ../../plugins\Plugin_OctreeSceneManager.dll
17:46:36: Installing plugin: Octree & Terrain Scene Manager
17:46:36: Plugin successfully installed
17:46:36: Loading library ../../plugins\Plugin_CgProgramManager.dll
17:46:36: Installing plugin: Cg Program Manager
17:46:36: Plugin successfully installed
17:46:36: *-*-* OGRE Initialising
17:46:36: *-*-* Version 1.4.5 (Eihort)
17:46:36: Creating resource group Bootstrap
17:46:36: Added resource location '../media/packs/OgreCore.zip' of type 'Zip' to resource group 'Bootstrap'
17:46:36: Creating resource group Caelum
17:46:36: Added resource location '../caelum/media' of type 'FileSystem' to resource group 'Caelum'
17:46:36: Added resource location '../media' of type 'FileSystem' to resource group 'General'
17:46:36: Added resource location '../media/fonts' of type 'FileSystem' to resource group 'General'
17:46:36: Added resource location '../media/sounds' of type 'FileSystem' to resource group 'General'
17:46:36: Added resource location '../media/Audio' of type 'FileSystem' to resource group 'General'
17:46:36: Added resource location '../media/materials/programs' of type 'FileSystem' to resource group 'General'
17:46:36: Added resource location '../media/materials/scripts' of type 'FileSystem' to resource group 'General'
17:46:36: Added resource location '../media/materials/textures' of type 'FileSystem' to resource group 'General'
17:46:36: Added resource location '../media/models' of type 'FileSystem' to resource group 'General'
17:46:36: Added resource location '../media/overlays' of type 'FileSystem' to resource group 'General'
17:46:36: Added resource location '../media/particle' of type 'FileSystem' to resource group 'General'
17:46:36: Added resource location '../media/gui' of type 'FileSystem' to resource group 'General'
17:46:36: Added resource location './media/trees' of type 'FileSystem' to resource group 'General'
17:46:36: Added resource location './media/grass' of type 'FileSystem' to resource group 'General'
17:46:36: Added resource location './media/terrains' of type 'FileSystem' to resource group 'General'
17:46:36: Added resource location './media/Triplanar' of type 'FileSystem' to resource group 'General'
17:46:36: Added resource location './media/SkyManager' of type 'FileSystem' to resource group 'General'
17:46:36: Added resource location './media/sounds' of type 'FileSystem' to resource group 'General'
17:46:36: Added resource location './media/water' of type 'FileSystem' to resource group 'General'
17:46:36: Added resource location './media/Characters' of type 'FileSystem' to resource group 'General'
17:46:36: Added resource location './media/perPixel' of type 'FileSystem' to resource group 'General'
17:46:36: Added resource location '../media/packs/cubemap.zip' of type 'Zip' to resource group 'General'
17:46:36: Added resource location '../media/packs/cubemapsJS.zip' of type 'Zip' to resource group 'General'
17:46:36: Added resource location '../media/packs/dragon.zip' of type 'Zip' to resource group 'General'
17:46:36: Added resource location '../media/packs/fresneldemo.zip' of type 'Zip' to resource group 'General'
17:46:36: Added resource location '../media/packs/ogretestmap.zip' of type 'Zip' to resource group 'General'
17:46:36: Added resource location '../media/packs/skybox.zip' of type 'Zip' to resource group 'General'
17:46:36: D3D9 : RenderSystem Option: Allow NVPerfHUD = No
17:46:36: D3D9 : RenderSystem Option: Anti aliasing = None
17:46:36: D3D9 : RenderSystem Option: Floating-point mode = Fastest
17:46:36: D3D9 : RenderSystem Option: Full Screen = Yes
17:46:36: D3D9 : RenderSystem Option: Rendering Device = Radeon X1650 Series
17:46:36: D3D9 : RenderSystem Option: VSync = No
17:46:36: D3D9 : RenderSystem Option: Video Mode = 1024 x 768 @ 32-bit colour
17:46:37: CPU Identifier & Features
17:46:37: -------------------------
17:46:37:  *   CPU ID: GenuineIntel: Intel(R) Pentium(R) 4 CPU 2.80GHz
17:46:37:  *      SSE: yes
17:46:37:  *     SSE2: yes
17:46:37:  *     SSE3: no
17:46:37:  *      MMX: yes
17:46:37:  *   MMXEXT: yes
17:46:37:  *    3DNOW: no
17:46:37:  * 3DNOWEXT: no
17:46:37:  *     CMOV: yes
17:46:37:  *      TSC: yes
17:46:37:  *      FPU: yes
17:46:37:  *      PRO: no
17:46:37:  *       HT: yes
17:46:37: -------------------------
17:46:37: D3D9 : Subsystem Initialising
17:46:37: D3D9RenderSystem::createRenderWindow "OGRE Render Window", 1024x768 fullscreen  miscParams: FSAA=0 FSAAQuality=0 colourDepth=32 useNVPerfHUD=false vsync=false 
17:46:37: D3D9 : Created D3D9 Rendering Window 'OGRE Render Window' : 1024x768, 32bpp
17:46:37: Registering ResourceManager for type Texture
17:46:37: Registering ResourceManager for type GpuProgram
17:46:37: RenderSystem capabilities
17:46:37: -------------------------
17:46:37:  * Hardware generation of mipmaps: yes
17:46:37:  * Texture blending: yes
17:46:37:  * Anisotropic texture filtering: yes
17:46:38:  * Dot product texture operation: yes
17:46:38:  * Cube mapping: yes
17:46:38:  * Hardware stencil buffer: yes
17:46:38:    - Stencil depth: 8
17:46:38:    - Two sided stencil support: yes
17:46:38:    - Wrap stencil values: yes
17:46:38:  * Hardware vertex / index buffers: yes
17:46:38:  * Vertex programs: yes
17:46:38:    - Max vertex program version: vs_3_0
17:46:38:  * Fragment programs: yes
17:46:38:    - Max fragment program version: ps_3_0
17:46:38:  * Texture Compression: yes
17:46:38:    - DXT: yes
17:46:38:    - VTC: no
17:46:38:  * Scissor Rectangle: yes
17:46:38:  * Hardware Occlusion Query: yes
17:46:38:  * User clip planes: yes
17:46:38:  * VET_UBYTE4 vertex element type: yes
17:46:38:  * Infinite far plane projection: yes
17:46:38:  * Hardware render-to-texture: yes
17:46:38:  * Floating point textures: yes
17:46:38:  * Non-power-of-two textures: yes (limited)
17:46:38:  * Volume textures: yes
17:46:38:  * Multiple Render Targets: 4
17:46:38:  * Point Sprites: yes
17:46:38:  * Extended point parameters: yes
17:46:38:  * Max Point Size: 256
17:46:38:  * Vertex texture fetch: no
17:46:38: ***************************************
17:46:38: *** D3D9 : Subsystem Initialised OK ***
17:46:38: ***************************************
17:46:38: ResourceBackgroundQueue - threading disabled
17:46:38: Particle Renderer Type 'billboard' registered
17:46:38: SceneManagerFactory for type 'BspSceneManager' registered.
17:46:38: Registering ResourceManager for type BspLevel
17:46:38: SceneManagerFactory for type 'OctreeSceneManager' registered.
17:46:38: SceneManagerFactory for type 'TerrainSceneManager' registered.
17:46:38: TerrainSceneManager: Registered a new PageSource for type Heightmap
17:46:38: Creating viewport on target 'OGRE Render Window', rendering from camera 'PlayerCam', relative dimensions L: 0.00 T: 0.00 W: 1.00 H: 1.00 ZOrder: 0
17:46:38: Parsing scripts for resource group Autodetect
17:46:38: Finished parsing scripts for resource group Autodetect
17:46:38: Parsing scripts for resource group Bootstrap
17:46:38: Parsing script OgreCore.material
17:46:38: Parsing script OgreProfiler.material
17:46:38: Parsing script Ogre.fontdef
17:46:38: Parsing script OgreDebugPanel.overlay
17:46:38: Texture: New_Ogre_Border_Center.png: Loading 1 faces(PF_A8R8G8B8,256x128x1) with  hardware generated mipmaps from Image. Internal format is PF_A8R8G8B8,256x128x1.
17:46:38: Texture: New_Ogre_Border.png: Loading 1 faces(PF_A8R8G8B8,256x256x1) with  hardware generated mipmaps from Image. Internal format is PF_A8R8G8B8,256x256x1.
17:46:38: Texture: New_Ogre_Border_Break.png: Loading 1 faces(PF_A8R8G8B8,32x32x1) with  hardware generated mipmaps from Image. Internal format is PF_A8R8G8B8,32x32x1.
17:46:38: Font BlueHighwayusing texture size 512x512
17:46:38: Info: Freetype returned null for character 127 in font BlueHighway
17:46:38: Info: Freetype returned null for character 128 in font BlueHighway
17:46:38: Info: Freetype returned null for character 129 in font BlueHighway
17:46:38: Info: Freetype returned null for character 130 in font BlueHighway
17:46:38: Info: Freetype returned null for character 131 in font BlueHighway
17:46:38: Info: Freetype returned null for character 132 in font BlueHighway
17:46:38: Info: Freetype returned null for character 133 in font BlueHighway
17:46:38: Info: Freetype returned null for character 134 in font BlueHighway
17:46:38: Info: Freetype returned null for character 135 in font BlueHighway
17:46:38: Info: Freetype returned null for character 136 in font BlueHighway
17:46:38: Info: Freetype returned null for character 137 in font BlueHighway
17:46:38: Info: Freetype returned null for character 138 in font BlueHighway
17:46:38: Info: Freetype returned null for character 139 in font BlueHighway
17:46:38: Info: Freetype returned null for character 140 in font BlueHighway
17:46:38: Info: Freetype returned null for character 141 in font BlueHighway
17:46:38: Info: Freetype returned null for character 142 in font BlueHighway
17:46:38: Info: Freetype returned null for character 143 in font BlueHighway
17:46:38: Info: Freetype returned null for character 144 in font BlueHighway
17:46:38: Info: Freetype returned null for character 145 in font BlueHighway
17:46:38: Info: Freetype returned null for character 146 in font BlueHighway
17:46:38: Info: Freetype returned null for character 147 in font BlueHighway
17:46:38: Info: Freetype returned null for character 148 in font BlueHighway
17:46:38: Info: Freetype returned null for character 149 in font BlueHighway
17:46:38: Info: Freetype returned null for character 150 in font BlueHighway
17:46:38: Info: Freetype returned null for character 151 in font BlueHighway
17:46:38: Info: Freetype returned null for character 152 in font BlueHighway
17:46:38: Info: Freetype returned null for character 153 in font BlueHighway
17:46:38: Info: Freetype returned null for character 154 in font BlueHighway
17:46:38: Info: Freetype returned null for character 155 in font BlueHighway
17:46:38: Info: Freetype returned null for character 156 in font BlueHighway
17:46:38: Info: Freetype returned null for character 157 in font BlueHighway
17:46:38: Info: Freetype returned null for character 158 in font BlueHighway
17:46:38: Info: Freetype returned null for character 159 in font BlueHighway
17:46:38: Info: Freetype returned null for character 160 in font BlueHighway
17:46:38: Texture: BlueHighwayTexture: Loading 1 faces(PF_BYTE_LA,512x512x1) with 0 generated mipmaps from Image. Internal format is PF_BYTE_LA,512x512x1.
17:46:38: Texture: ogretext.png: Loading 1 faces(PF_A8R8G8B8,256x128x1) with  hardware generated mipmaps from Image. Internal format is PF_A8R8G8B8,256x128x1.
17:46:38: Parsing script OgreLoadingPanel.overlay
17:46:38: Finished parsing scripts for resource group Bootstrap
17:46:38: Parsing scripts for resource group Caelum
17:46:38: Parsing script GroundFog.program
17:46:38: Parsing script Haze.program
17:46:38: Parsing script GroundFog.material
17:46:38: Parsing script LayeredClouds.material
17:46:39: OGRE EXCEPTION(2:InvalidParametersException): Parameter called sunDirection does not exist.  in GpuProgramParameters::_findNamedConstantDefinition at ..\src\OgreGpuProgram.cpp (line 883)
17:46:39: Error at line 53 of LayeredClouds.material: Invalid param_named attribute - Parameter called sunDirection does not exist. 
17:46:39: Error at line 53 of LayeredClouds.material: Invalid param_named attribute - expected at least 3 parameters.
17:46:39: Parsing script Terrain.material
17:46:39: Finished parsing scripts for resource group Caelum
17:46:39: Parsing scripts for resource group General
17:46:39: Parsing script Examples.program
17:46:39: Parsing script StdQuad_vp.program
17:46:39: Parsing script BlackAndWhite.material
17:46:39: Parsing script Bloom.material
17:46:39: Parsing script Civic.material
17:46:39: Parsing script creature.material
17:46:39: Parsing script CustomShadows.material
17:46:39: OGRE EXCEPTION(6:FileNotFoundException): Cannot locate resource customshadowcastervp.cg in resource group General or any other group. in ResourceGroupManager::openResource at ..\src\OgreResourceGroupManager.cpp (line 604)
17:46:39: High-level program CustomShadows/ShadowCasterVP/Cg encountered an error during loading and is thus not supported.
OGRE EXCEPTION(6:FileNotFoundException): Cannot locate resource customshadowcastervp.cg in resource group General or any other group. in ResourceGroupManager::openResource at ..\src\OgreResourceGroupManager.cpp (line 604)
17:46:39: OGRE EXCEPTION(6:FileNotFoundException): Cannot locate resource customshadowcasterfp.cg in resource group General or any other group. in ResourceGroupManager::openResource at ..\src\OgreResourceGroupManager.cpp (line 604)
17:46:39: High-level program CustomShadows/ShadowCasterFP/Cg encountered an error during loading and is thus not supported.
OGRE EXCEPTION(6:FileNotFoundException): Cannot locate resource customshadowcasterfp.cg in resource group General or any other group. in ResourceGroupManager::openResource at ..\src\OgreResourceGroupManager.cpp (line 604)
17:46:39: OGRE EXCEPTION(6:FileNotFoundException): Cannot locate resource customshadowcastervp.hlsl in resource group General or any other group. in ResourceGroupManager::openResource at ..\src\OgreResourceGroupManager.cpp (line 604)
17:46:39: High-level program CustomShadows/ShadowCasterVP/HLSL encountered an error during loading and is thus not supported.
OGRE EXCEPTION(6:FileNotFoundException): Cannot locate resource customshadowcastervp.hlsl in resource group General or any other group. in ResourceGroupManager::openResource at ..\src\OgreResourceGroupManager.cpp (line 604)
17:46:39: OGRE EXCEPTION(6:FileNotFoundException): Cannot locate resource customshadowcasterfp.hlsl in resource group General or any other group. in ResourceGroupManager::openResource at ..\src\OgreResourceGroupManager.cpp (line 604)
17:46:39: High-level program CustomShadows/ShadowCasterFP/HLSL encountered an error during loading and is thus not supported.
OGRE EXCEPTION(6:FileNotFoundException): Cannot locate resource customshadowcasterfp.hlsl in resource group General or any other group. in ResourceGroupManager::openResource at ..\src\OgreResourceGroupManager.cpp (line 604)
17:46:39: OGRE EXCEPTION(6:FileNotFoundException): Cannot locate resource customshadowreceivervp.cg in resource group General or any other group. in ResourceGroupManager::openResource at ..\src\OgreResourceGroupManager.cpp (line 604)
17:46:39: High-level program CustomShadows/ShadowReceiverVP/Cg encountered an error during loading and is thus not supported.
OGRE EXCEPTION(6:FileNotFoundException): Cannot locate resource customshadowreceivervp.cg in resource group General or any other group. in ResourceGroupManager::openResource at ..\src\OgreResourceGroupManager.cpp (line 604)
17:46:39: OGRE EXCEPTION(6:FileNotFoundException): Cannot locate resource customshadowreceiverfp.cg in resource group General or any other group. in ResourceGroupManager::openResource at ..\src\OgreResourceGroupManager.cpp (line 604)
17:46:39: High-level program CustomShadows/ShadowReceiverFP/Cg encountered an error during loading and is thus not supported.
OGRE EXCEPTION(6:FileNotFoundException): Cannot locate resource customshadowreceiverfp.cg in resource group General or any other group. in ResourceGroupManager::openResource at ..\src\OgreResourceGroupManager.cpp (line 604)
17:46:39: OGRE EXCEPTION(6:FileNotFoundException): Cannot locate resource customshadowreceivervp.hlsl in resource group General or any other group. in ResourceGroupManager::openResource at ..\src\OgreResourceGroupManager.cpp (line 604)
17:46:39: High-level program CustomShadows/ShadowReceiverVP/HLSL encountered an error during loading and is thus not supported.
OGRE EXCEPTION(6:FileNotFoundException): Cannot locate resource customshadowreceivervp.hlsl in resource group General or any other group. in ResourceGroupManager::openResource at ..\src\OgreResourceGroupManager.cpp (line 604)
17:46:40: OGRE EXCEPTION(6:FileNotFoundException): Cannot locate resource customshadowreceiverfp.hlsl in resource group General or any other group. in ResourceGroupManager::openResource at ..\src\OgreResourceGroupManager.cpp (line 604)
17:46:40: High-level program CustomShadows/ShadowReceiverFP/HLSL encountered an error during loading and is thus not supported.
OGRE EXCEPTION(6:FileNotFoundException): Cannot locate resource customshadowreceiverfp.hlsl in resource group General or any other group. in ResourceGroupManager::openResource at ..\src\OgreResourceGroupManager.cpp (line 604)
17:46:40: OGRE EXCEPTION(6:FileNotFoundException): Cannot locate resource SimpleShaderVP.cg in resource group General or any other group. in ResourceGroupManager::openResource at ..\src\OgreResourceGroupManager.cpp (line 604)
17:46:40: High-level program CustomShadows/SimpleShaderVP/Cg encountered an error during loading and is thus not supported.
OGRE EXCEPTION(6:FileNotFoundException): Cannot locate resource SimpleShaderVP.cg in resource group General or any other group. in ResourceGroupManager::openResource at ..\src\OgreResourceGroupManager.cpp (line 604)
17:46:40: OGRE EXCEPTION(6:FileNotFoundException): Cannot locate resource SimpleShaderVP.hlsl in resource group General or any other group. in ResourceGroupManager::openResource at ..\src\OgreResourceGroupManager.cpp (line 604)
17:46:40: High-level program CustomShadows/SimpleShaderVP/HLSL encountered an error during loading and is thus not supported.
OGRE EXCEPTION(6:FileNotFoundException): Cannot locate resource SimpleShaderVP.hlsl in resource group General or any other group. in ResourceGroupManager::openResource at ..\src\OgreResourceGroupManager.cpp (line 604)
17:46:40: OGRE EXCEPTION(6:FileNotFoundException): Cannot locate resource SimpleShaderFP.hlsl in resource group General or any other group. in ResourceGroupManager::openResource at ..\src\OgreResourceGroupManager.cpp (line 604)
17:46:40: High-level program CustomShadows/SimpleShaderFP/HLSL encountered an error during loading and is thus not supported.
OGRE EXCEPTION(6:FileNotFoundException): Cannot locate resource SimpleShaderFP.hlsl in resource group General or any other group. in ResourceGroupManager::openResource at ..\src\OgreResourceGroupManager.cpp (line 604)
17:46:40: OGRE EXCEPTION(6:FileNotFoundException): Cannot locate resource SimpleShaderFP.cg in resource group General or any other group. in ResourceGroupManager::openResource at ..\src\OgreResourceGroupManager.cpp (line 604)
17:46:40: High-level program CustomShadows/SimpleShaderFP/Cg encountered an error during loading and is thus not supported.
OGRE EXCEPTION(6:FileNotFoundException): Cannot locate resource SimpleShaderFP.cg in resource group General or any other group. in ResourceGroupManager::openResource at ..\src\OgreResourceGroupManager.cpp (line 604)
17:46:40: Parsing script DepthShadowmap.material
17:46:40: Parsing script DOF.material
17:46:40: Parsing script Embossed.material
17:46:40: Parsing script Example-DynTex.material
17:46:40: Parsing script Example-Water.material
17:46:40: Parsing script Example.material
17:46:40: Parsing script Examples-Advanced.material
17:46:41: Parsing script facial.material
17:46:41: Parsing script Glass.material
17:46:41: Parsing script hdr.material
17:46:41: Parsing script HeatVision.material
17:46:42: Parsing script Hurt.material
17:46:42: Parsing script instancing.material
17:46:42: Parsing script Invert.material
17:46:42: Parsing script Laplace.material
17:46:42: Parsing script MotionBlur.material
17:46:42: Parsing script Ocean.material
17:46:42: Error in material OceanCg at line 176 of Ocean.material: Invalid texture option - combineduvw.
17:46:43: Parsing script OffsetMapping.material
17:46:43: Parsing script Ogre.material
17:46:43: Parsing script OldMovie.material
17:46:43: Parsing script OldTV.material
17:46:43: Parsing script PlaneOptimalShadows.material
17:46:43: OGRE EXCEPTION(6:FileNotFoundException): Cannot locate resource customshadowcastervp.cg in resource group General or any other group. in ResourceGroupManager::openResource at ..\src\OgreResourceGroupManager.cpp (line 604)
17:46:43: High-level program PlaneOptimalShadows/ShadowCasterVP/Cg encountered an error during loading and is thus not supported.
OGRE EXCEPTION(6:FileNotFoundException): Cannot locate resource customshadowcastervp.cg in resource group General or any other group. in ResourceGroupManager::openResource at ..\src\OgreResourceGroupManager.cpp (line 604)
17:46:43: OGRE EXCEPTION(6:FileNotFoundException): Cannot locate resource customshadowcasterfp.cg in resource group General or any other group. in ResourceGroupManager::openResource at ..\src\OgreResourceGroupManager.cpp (line 604)
17:46:43: High-level program PlaneOptimalShadows/ShadowCasterFP/Cg encountered an error during loading and is thus not supported.
OGRE EXCEPTION(6:FileNotFoundException): Cannot locate resource customshadowcasterfp.cg in resource group General or any other group. in ResourceGroupManager::openResource at ..\src\OgreResourceGroupManager.cpp (line 604)
17:46:43: OGRE EXCEPTION(6:FileNotFoundException): Cannot locate resource customshadowcastervp.hlsl in resource group General or any other group. in ResourceGroupManager::openResource at ..\src\OgreResourceGroupManager.cpp (line 604)
17:46:43: High-level program PlaneOptimalShadows/ShadowCasterVP/HLSL encountered an error during loading and is thus not supported.
OGRE EXCEPTION(6:FileNotFoundException): Cannot locate resource customshadowcastervp.hlsl in resource group General or any other group. in ResourceGroupManager::openResource at ..\src\OgreResourceGroupManager.cpp (line 604)
17:46:43: OGRE EXCEPTION(6:FileNotFoundException): Cannot locate resource customshadowcasterfp.hlsl in resource group General or any other group. in ResourceGroupManager::openResource at ..\src\OgreResourceGroupManager.cpp (line 604)
17:46:43: High-level program PlaneOptimalShadows/ShadowCasterFP/HLSL encountered an error during loading and is thus not supported.
OGRE EXCEPTION(6:FileNotFoundException): Cannot locate resource customshadowcasterfp.hlsl in resource group General or any other group. in ResourceGroupManager::openResource at ..\src\OgreResourceGroupManager.cpp (line 604)
17:46:43: OGRE EXCEPTION(6:FileNotFoundException): Cannot locate resource customshadowreceivervp.cg in resource group General or any other group. in ResourceGroupManager::openResource at ..\src\OgreResourceGroupManager.cpp (line 604)
17:46:43: High-level program PlaneOptimalShadows/ShadowReceiverVP/Cg encountered an error during loading and is thus not supported.
OGRE EXCEPTION(6:FileNotFoundException): Cannot locate resource customshadowreceivervp.cg in resource group General or any other group. in ResourceGroupManager::openResource at ..\src\OgreResourceGroupManager.cpp (line 604)
17:46:43: OGRE EXCEPTION(6:FileNotFoundException): Cannot locate resource customshadowreceiverfp.cg in resource group General or any other group. in ResourceGroupManager::openResource at ..\src\OgreResourceGroupManager.cpp (line 604)
17:46:43: High-level program PlaneOptimalShadows/ShadowReceiverFP/Cg encountered an error during loading and is thus not supported.
OGRE EXCEPTION(6:FileNotFoundException): Cannot locate resource customshadowreceiverfp.cg in resource group General or any other group. in ResourceGroupManager::openResource at ..\src\OgreResourceGroupManager.cpp (line 604)
17:46:43: OGRE EXCEPTION(6:FileNotFoundException): Cannot locate resource customshadowreceivervp.hlsl in resource group General or any other group. in ResourceGroupManager::openResource at ..\src\OgreResourceGroupManager.cpp (line 604)
17:46:43: High-level program PlaneOptimalShadows/ShadowReceiverVP/HLSL encountered an error during loading and is thus not supported.
OGRE EXCEPTION(6:FileNotFoundException): Cannot locate resource customshadowreceivervp.hlsl in resource group General or any other group. in ResourceGroupManager::openResource at ..\src\OgreResourceGroupManager.cpp (line 604)
17:46:43: OGRE EXCEPTION(6:FileNotFoundException): Cannot locate resource customshadowreceiverfp.hlsl in resource group General or any other group. in ResourceGroupManager::openResource at ..\src\OgreResourceGroupManager.cpp (line 604)
17:46:43: High-level program PlaneOptimalShadows/ShadowReceiverFP/HLSL encountered an error during loading and is thus not supported.
OGRE EXCEPTION(6:FileNotFoundException): Cannot locate resource customshadowreceiverfp.hlsl in resource group General or any other group. in ResourceGroupManager::openResource at ..\src\OgreResourceGroupManager.cpp (line 604)
17:46:43: Parsing script Posterize.material
17:46:43: Parsing script RZR-002.material
17:46:43: Parsing script Scene.material
17:46:43: Parsing script SharpenEdges.material
17:46:43: Parsing script smoke.material
17:46:43: Parsing script Tiling.material
17:46:43: Parsing script Tower.material
17:46:43: Parsing script VarianceShadowmap.material
17:46:44: Parsing script zombie.material
17:46:44: Parsing script beech.material
17:46:44: Parsing script birch.material
17:46:44: Parsing script blenTree.material
17:46:44: Parsing script boulder.material
17:46:44: Parsing script CloudyNoonSkyBox.material
17:46:44: Parsing script LOTTreeLeaves.material
17:46:44: Parsing script LOTTreeTrunk.material
17:46:44: Parsing script Materials.material
17:46:44: Parsing script palms.material
17:46:44: Parsing script Pine.material
17:46:44: Parsing script spotted_shroom.material
17:46:44: Parsing script tipi.material
17:46:44: Parsing script tree.material
17:46:44: Parsing script TreeNew.material
17:46:44: Parsing script BdBush.material
17:46:44: Parsing script grass.material
17:46:44: Parsing script grass1.material
17:46:44: Parsing script shortgrass.material
17:46:44: Parsing script OverhangTerrainSceneManager.material
17:46:44: OGRE EXCEPTION(2:InvalidParametersException): Parameter called lightSpecular does not exist.  in GpuProgramParameters::_findNamedConstantDefinition at ..\src\OgreGpuProgram.cpp (line 883)
17:46:44: Error at line 21 of OverhangTerrainSceneManager.material: Invalid param_named_auto attribute - Parameter called lightSpecular does not exist. 
17:46:44: Parsing script sky.material
17:46:44: Parsing script ocean_new.material
17:46:44: OGRE EXCEPTION(2:InvalidParametersException): Parameter called lightSpecular does not exist.  in GpuProgramParameters::_findNamedConstantDefinition at ..\src\OgreGpuProgram.cpp (line 883)
17:46:44: Error at line 38 of ocean_new.material: Invalid param_named_auto attribute - Parameter called lightSpecular does not exist. 
17:46:44: OGRE EXCEPTION(2:InvalidParametersException): Parameter called lightDiffuse does not exist.  in GpuProgramParameters::_findNamedConstantDefinition at ..\src\OgreGpuProgram.cpp (line 883)
17:46:44: Error at line 38 of ocean_new.material: Invalid param_named_auto attribute - Parameter called lightDiffuse does not exist. 
17:46:44: OGRE EXCEPTION(2:InvalidParametersException): Parameter called exponent does not exist.  in GpuProgramParameters::_findNamedConstantDefinition at ..\src\OgreGpuProgram.cpp (line 883)
17:46:44: Error at line 38 of ocean_new.material: Invalid param_named attribute - Parameter called exponent does not exist. 
17:46:44: OGRE EXCEPTION(2:InvalidParametersException): Parameter called ambient does not exist.  in GpuProgramParameters::_findNamedConstantDefinition at ..\src\OgreGpuProgram.cpp (line 883)
17:46:44: Error at line 38 of ocean_new.material: Invalid param_named attribute - Parameter called ambient does not exist. 
17:46:44: OGRE EXCEPTION(2:InvalidParametersException): Parameter called lightPosition does not exist.  in GpuProgramParameters::_findNamedConstantDefinition at ..\src\OgreGpuProgram.cpp (line 883)
17:46:44: Error at line 38 of ocean_new.material: Invalid param_named_auto attribute - Parameter called lightPosition does not exist. 
17:46:44: Error in material MrBenSea at line 59 of ocean_new.material: Invalid param_named attribute - expected at least 3 parameters.
17:46:44: Parsing script Ocean_rtt.material
17:46:44: Parsing script Whale.material
17:46:44: Parsing script perpixel.material
17:46:44: OGRE EXCEPTION(4:ItemIdentityException): Resource with the name Ogre/BasicVertexPrograms/AmbientOneTexture already exists. in ResourceManager::add at ..\src\OgreResourceManager.cpp (line 113)
17:46:44: Error at line 47 of perpixel.material: Could not create GPU program 'Ogre/BasicVertexPrograms/AmbientOneTexture', error reported was: Resource with the name Ogre/BasicVertexPrograms/AmbientOneTexture already exists.
17:46:45: Parsing script plane.material
17:46:45: Parsing script RomanBath.material
17:46:45: Parsing script Examples.compositor
17:46:45: Parsing script test.fontdef
17:46:45: Parsing script sample.fontdef
17:46:45: Parsing script Arial.fontdef
17:46:45: Parsing script emitted_emitter.particle
17:46:45: Parsing script Example-Water.particle
17:46:45: Parsing script Example.particle
17:46:45: Parsing script smoke.particle
17:46:45: Parsing script Compositor.overlay
17:46:45: Parsing script DP3.overlay
17:46:45: Parsing script Example-CubeMapping.overlay
17:46:45: Parsing script Example-DynTex.overlay
17:46:45: Parsing script Example-Water.overlay
17:46:45: Parsing script Shadows.overlay
17:46:45: Finished parsing scripts for resource group General
17:46:45: Parsing scripts for resource group Internal
17:46:45: Finished parsing scripts for resource group Internal
17:46:45: TerrainSceneManager: Activated PageSource Heightmap
17:46:45: Texture: terrain_texture.jpg: Loading 1 faces(PF_R8G8B8,512x512x1) with  hardware generated mipmaps from Image. Internal format is PF_X8R8G8B8,512x512x1.
17:46:45: Texture: grass_1024.jpg: Loading 1 faces(PF_R8G8B8,1024x1024x1) with  hardware generated mipmaps from Image. Internal format is PF_X8R8G8B8,1024x1024x1.
17:46:45: Texture: terr_rock6.jpg: Loading 1 faces(PF_R8G8B8,1024x1024x1) with  hardware generated mipmaps from Image. Internal format is PF_X8R8G8B8,1024x1024x1.
17:46:45: Texture: sand.jpg: Loading 1 faces(PF_R8G8B8,512x512x1) with  hardware generated mipmaps from Image. Internal format is PF_X8R8G8B8,512x512x1.
17:46:45: WARNING: Texture instance 'RttTex' was defined as manually loaded, but no manual loader was provided. This Resource will be lost if it has to be reloaded.
17:46:45: Creating viewport on target 'rtt/3391360', rendering from camera 'ReflectCam', relative dimensions L: 0.00 T: 0.00 W: 1.00 H: 1.00 ZOrder: 0
17:46:45: D3D9 : Loading 3D Texture, image name : 'NoiseVolume.dds' with 5 mip map levels
17:46:45: Initialising Caelum system...
17:46:45: System attributes set up.
17:46:45: Generating sky dome material...
17:46:46: 	Material not found; creating...
17:46:46: 		Material [OK]
17:46:46: 		Pass [OK]
17:46:46: 		TextureUnit - Sky gradient [OK]
17:46:46: 		TextureUnit - Atmosphere depth [OK]
17:46:46: Texture: EarthClearSky2.png: Loading 1 faces(PF_A8R8G8B8,64x64x1) with  hardware generated mipmaps from Image. Internal format is PF_A8R8G8B8,64x64x1.
17:46:46: Texture: AtmosphereDepth.png: Loading 1 faces(PF_R8G8B8,32x1x1) with  hardware generated mipmaps from Image. Internal format is PF_X8R8G8B8,32x1x1.
17:46:46: 	DONE
17:46:46: DONE
17:46:46: Creating CaelumSphericDome sphere mesh resource...
17:46:46: WARNING: Mesh instance 'CaelumSphericDome' was defined as manually loaded, but no manual loader was provided. This Resource will be lost if it has to be reloaded.
17:46:46: DONE
17:46:46: Generating sun material...
17:46:46: 	Material not found; creating...
17:46:46: 		Material [OK]
17:46:46: 		Pass [OK]
17:46:46: 	DONE
17:46:46: DONE
17:46:46: Mesh: Loading sphere.mesh.
17:46:46: Generating starfield material...
17:46:46: 	Material not found; creating...
17:46:46: 		Material [OK]
17:46:46: 		Pass [OK]
17:46:46: 		TextureUnit [OK]
17:46:46: 	DONE
17:46:46: DONE
17:46:46: Texture: Starfield.jpg: Loading 1 faces(PF_R8G8B8,1024x1024x1) with  hardware generated mipmaps from Image. Internal format is PF_X8R8G8B8,1024x1024x1.
17:46:46: Creating CaelumStarfieldDome sphere mesh resource...
17:46:46: WARNING: Mesh instance 'CaelumStarfieldDome' was defined as manually loaded, but no manual loader was provided. This Resource will be lost if it has to be reloaded.
17:46:46: DONE
17:46:46: Texture: noise1.png: Loading 1 faces(PF_R8G8B8,256x256x1) with  hardware generated mipmaps from Image. Internal format is PF_X8R8G8B8,256x256x1.
17:46:46: Texture: noise2.png: Loading 1 faces(PF_R8G8B8,256x256x1) with  hardware generated mipmaps from Image. Internal format is PF_X8R8G8B8,256x256x1.
17:46:46: Texture: noise3.png: Loading 1 faces(PF_R8G8B8,256x256x1) with  hardware generated mipmaps from Image. Internal format is PF_X8R8G8B8,256x256x1.
17:46:46: Texture: noise4.png: Loading 1 faces(PF_R8G8B8,256x256x1) with  hardware generated mipmaps from Image. Internal format is PF_X8R8G8B8,256x256x1.
17:46:46: Texture: Noise1.png: Loading 1 faces(PF_R8G8B8,256x256x1) with  hardware generated mipmaps from Image. Internal format is PF_X8R8G8B8,256x256x1.
17:46:46: Texture: Noise2.png: Loading 1 faces(PF_R8G8B8,256x256x1) with  hardware generated mipmaps from Image. Internal format is PF_X8R8G8B8,256x256x1.
17:46:46: Texture: Noise3.png: Loading 1 faces(PF_R8G8B8,256x256x1) with  hardware generated mipmaps from Image. Internal format is PF_X8R8G8B8,256x256x1.
17:46:46: Texture: Noise4.png: Loading 1 faces(PF_R8G8B8,256x256x1) with  hardware generated mipmaps from Image. Internal format is PF_X8R8G8B8,256x256x1.
17:46:46: DONE
17:46:46: Mesh: Loading KinkyPalm.mesh.
17:46:46: Texture: palmtree_palmtexture_2.t.bmp: Loading 1 faces(PF_A8R8G8B8,512x512x1) with  hardware generated mipmaps from Image. Internal format is PF_A8R8G8B8,512x512x1.
17:46:46: Mesh: Loading StraightPalm.mesh.
17:46:46: Mesh: Loading BendyPalm.mesh.
17:46:46: Mesh: Loading BigDarkBush.mesh.
17:46:46: Texture: bush3_IMG_1409.png: Loading 1 faces(PF_A8R8G8B8,512x512x1) with  hardware generated mipmaps from Image. Internal format is PF_A8R8G8B8,512x512x1.
17:46:46: Mesh: Loading birch.mesh.
17:46:46: Texture: LEAFS.PNG: Loading 1 faces(PF_A8R8G8B8,512x512x1) with  hardware generated mipmaps from Image. Internal format is PF_A8R8G8B8,512x512x1.
17:46:46: Texture: PLANTS09.JPG: Loading 1 faces(PF_R8G8B8,512x512x1) with  hardware generated mipmaps from Image. Internal format is PF_X8R8G8B8,512x512x1.
17:46:46: Mesh: Loading benTree.mesh.
17:46:46: D3D9 : ***** Dimensions altered by the render system
17:46:46: D3D9 : ***** Source image dimensions : 600x600
17:46:46: D3D9 : ***** Texture dimensions : 1024x1024
17:46:46: Texture: wood7.jpg: Loading 1 faces(PF_R8G8B8,600x600x1) with 5 generated mipmaps from Image. Internal format is PF_X8R8G8B8,1024x1024x1.
17:46:46: Texture: tree_bush.png: Loading 1 faces(PF_A8R8G8B8,256x256x1) with  hardware generated mipmaps from Image. Internal format is PF_A8R8G8B8,256x256x1.
17:46:47: Mesh: Loading spotty_shroom.mesh.
17:46:47: Texture: spotty_shroom.jpg: Loading 1 faces(PF_R8G8B8,256x256x1) with  hardware generated mipmaps from Image. Internal format is PF_X8R8G8B8,256x256x1.
17:46:47: Mesh: Loading blue_shroom.mesh.
17:46:47: Texture: blue_shroom.jpg: Loading 1 faces(PF_R8G8B8,256x256x1) with  hardware generated mipmaps from Image. Internal format is PF_X8R8G8B8,256x256x1.
17:46:47: Mesh: Loading beech_tree.mesh.
17:46:47: Texture: branches.png: Loading 1 faces(PF_A8R8G8B8,128x128x1) with  hardware generated mipmaps from Image. Internal format is PF_A8R8G8B8,128x128x1.
17:46:47: Mesh: Loading Pine.mesh.
17:46:47: D3D9 : ***** Dimensions altered by the render system
17:46:47: D3D9 : ***** Source image dimensions : 500x500
17:46:47: D3D9 : ***** Texture dimensions : 512x512
17:46:47: Texture: leaves5.png: Loading 1 faces(PF_A8R8G8B8,500x500x1) with 5 generated mipmaps from Image. Internal format is PF_A8R8G8B8,512x512x1.
17:46:47: D3D9 : ***** Dimensions altered by the render system
17:46:47: D3D9 : ***** Source image dimensions : 1536x1024
17:46:47: D3D9 : ***** Texture dimensions : 2048x1024
17:46:47: Texture: bark23.jpg: Loading 1 faces(PF_R8G8B8,1536x1024x1) with 5 generated mipmaps from Image. Internal format is PF_X8R8G8B8,2048x1024x1.
17:46:50: Texture: terrain_grass.jpg: Loading 1 faces(PF_R8G8B8,512x512x1) with  hardware generated mipmaps from Image. Internal format is PF_X8R8G8B8,512x512x1.
17:46:50: D3D9 : ***** Dimensions altered by the render system
17:46:50: D3D9 : ***** Source image dimensions : 513x513
17:46:50: D3D9 : ***** Texture dimensions : 1024x1024
17:46:50: Texture: densitymap.png: Loading 1 faces(PF_A8R8G8B8,513x513x1) with 5 generated mipmaps from Image. Internal format is PF_A8R8G8B8,1024x1024x1.
17:46:51: Mesh: Loading robot.mesh.
17:46:51: Skeleton: Loading robot.skeleton
17:46:51: Texture: r2skin.jpg: Loading 1 faces(PF_R8G8B8,512x512x1) with  hardware generated mipmaps from Image. Internal format is PF_X8R8G8B8,512x512x1.
17:46:51: Mesh: Loading whale.mesh.
17:46:51: Skeleton: Loading Whale-whalebone.skeleton
17:46:51: Texture: Whale.jpg: Loading 1 faces(PF_R8G8B8,256x256x1) with  hardware generated mipmaps from Image. Internal format is PF_X8R8G8B8,256x256x1.
17:46:51: WARNING: the mesh 'whale.mesh' includes vertices without bone assignments. Those vertices will transform to wrong position when skeletal animation enabled. To eliminate this, assign at least one bone assignment per vertex on your mesh.
17:46:51: Mesh: Loading tipi.mesh.
17:46:51: Texture: tipi.jpg: Loading 1 faces(PF_R8G8B8,256x256x1) with  hardware generated mipmaps from Image. Internal format is PF_X8R8G8B8,256x256x1.
17:46:51: Creating viewport on target 'rtt/214041824', rendering from camera 'ImpostorCam2', relative dimensions L: 0.00 T: 0.00 W: 1.00 H: 1.00 ZOrder: 0
17:46:51: Creating resource group BinFolder
17:46:51: Added resource location '.' of type 'FileSystem' to resource group 'BinFolder'
17:46:51: Texture: Impostor.General.BigDarkBush.mesh.png: Loading 1 faces(PF_A8R8G8B8,1024x512x1) with  hardware generated mipmaps from Image. Internal format is PF_A8R8G8B8,1024x512x1.
17:46:51: Render Target 'rtt/214041824' Average FPS: 0 Best FPS: 0 Worst FPS: 999
17:46:51: Creating viewport on target 'rtt/214045024', rendering from camera 'ImpostorCam36', relative dimensions L: 0.00 T: 0.00 W: 1.00 H: 1.00 ZOrder: 0
17:46:51: Added resource location '.' of type 'FileSystem' to resource group 'BinFolder'
17:46:51: Texture: Impostor.General.Pine.mesh.png: Loading 1 faces(PF_A8R8G8B8,1024x512x1) with  hardware generated mipmaps from Image. Internal format is PF_A8R8G8B8,1024x512x1.
17:46:51: Render Target 'rtt/214045024' Average FPS: 0 Best FPS: 0 Worst FPS: 999
17:46:52: D3D9 : ***** Dimensions altered by the render system
17:46:52: D3D9 : ***** Source image dimensions : 253x253
17:46:52: D3D9 : ***** Texture dimensions : 256x256
17:46:52: Texture: grass2.png: Loading 1 faces(PF_A8R8G8B8,253x253x1) with 5 generated mipmaps from Image. Internal format is PF_A8R8G8B8,256x256x1.
