22:23:58: Creating resource group General
22:23:58: Creating resource group Internal
22:23:58: Creating resource group Autodetect
22:23:58: Registering ResourceManager for type Material
22:23:58: Registering ResourceManager for type Mesh
22:23:58: Registering ResourceManager for type Skeleton
22:23:58: MovableObjectFactory for type 'ParticleSystem' registered.
22:23:58: OverlayElementFactory for type Panel registered.
22:23:58: OverlayElementFactory for type BorderPanel registered.
22:23:58: OverlayElementFactory for type TextArea registered.
22:23:58: Registering ResourceManager for type Font
22:23:58: ArchiveFactory for archive type FileSystem registered.
22:23:58: ArchiveFactory for archive type Zip registered.
22:23:58: FreeImage version: 3.8.0
22:23:58: This program uses FreeImage, a free, open source image library supporting all common bitmap formats. See http://freeimage.sourceforge.net for details
22:23:58: Supported formats: bmp,ico,jpg,jif,jpeg,jpe,jng,koa,iff,lbm,mng,pbm,pbm,pcd,pcx,pgm,pgm,png,ppm,ppm,ras,tga,targa,tif,tiff,wap,wbmp,wbm,psd,cut,xbm,xpm,gif,hdr
22:23:58: DDS codec registering
22:23:58: Registering ResourceManager for type HighLevelGpuProgram
22:23:58: Registering ResourceManager for type Compositor
22:23:58: MovableObjectFactory for type 'Entity' registered.
22:23:58: MovableObjectFactory for type 'Light' registered.
22:23:58: MovableObjectFactory for type 'BillboardSet' registered.
22:23:58: MovableObjectFactory for type 'ManualObject' registered.
22:23:58: MovableObjectFactory for type 'BillboardChain' registered.
22:23:58: MovableObjectFactory for type 'RibbonTrail' registered.
22:23:58: Loading library c:/development/ocvs/ogrenew/samples/common/bin/release\RenderSystem_GL.dll
22:23:58: OpenGL Rendering Subsystem created.
22:23:58: Loading library c:/development/ocvs/ogrenew/samples/common/bin/release\RenderSystem_Direct3D9.dll
22:23:58: D3D9 : Direct3D9 Rendering Subsystem created.
22:23:58: D3D9: Driver Detection Starts
22:23:58: D3D9: Driver Detection Ends
22:23:58: Loading library c:/development/ocvs/ogrenew/samples/common/bin/release\Plugin_ParticleFX.dll
22:23:58: Particle Emitter Type 'Point' registered
22:23:58: Particle Emitter Type 'Box' registered
22:23:58: Particle Emitter Type 'Ellipsoid' registered
22:23:58: Particle Emitter Type 'Cylinder' registered
22:23:58: Particle Emitter Type 'Ring' registered
22:23:58: Particle Emitter Type 'HollowEllipsoid' registered
22:23:58: Particle Affector Type 'LinearForce' registered
22:23:58: Particle Affector Type 'ColourFader' registered
22:23:58: Particle Affector Type 'ColourFader2' registered
22:23:58: Particle Affector Type 'ColourImage' registered
22:23:58: Particle Affector Type 'ColourInterpolator' registered
22:23:58: Particle Affector Type 'Scaler' registered
22:23:58: Particle Affector Type 'Rotator' registered
22:23:58: Particle Affector Type 'DirectionRandomiser' registered
22:23:58: Particle Affector Type 'DeflectorPlane' registered
22:23:58: Loading library c:/development/ocvs/ogrenew/samples/common/bin/release\Plugin_BSPSceneManager.dll
22:23:58: Registering ResourceManager for type BspLevel
22:23:58: Loading library c:/development/ocvs/ogrenew/samples/common/bin/release\Plugin_OctreeSceneManager.dll
22:23:58: Loading library c:/development/ocvs/ogrenew/samples/common/bin/release\Plugin_CgProgramManager.dll
22:23:59: *-*-* OGRE Initialising
22:23:59: *-*-* Version 1.3.0 (Eihort)
22:23:59: Creating resource group Bootstrap
22:23:59: Added resource location '../media/packs/OgreCore.zip' of type 'Zip' to resource group 'Bootstrap'
22:23:59: Added resource location '../media' of type 'FileSystem' to resource group 'General'
22:23:59: Added resource location '../media/fonts' of type 'FileSystem' to resource group 'General'
22:23:59: Added resource location '../media/materials/programs' of type 'FileSystem' to resource group 'General'
22:23:59: Added resource location '../media/materials/scripts' of type 'FileSystem' to resource group 'General'
22:23:59: Added resource location '../media/materials/textures' of type 'FileSystem' to resource group 'General'
22:23:59: Added resource location '../media/models' of type 'FileSystem' to resource group 'General'
22:23:59: Added resource location '../media/overlays' of type 'FileSystem' to resource group 'General'
22:23:59: Added resource location '../media/particle' of type 'FileSystem' to resource group 'General'
22:23:59: Added resource location '../media/packs/cubemap.zip' of type 'Zip' to resource group 'General'
22:23:59: Added resource location '../media/packs/cubemapsJS.zip' of type 'Zip' to resource group 'General'
22:23:59: Added resource location '../media/packs/dragon.zip' of type 'Zip' to resource group 'General'
22:23:59: Added resource location '../media/packs/fresneldemo.zip' of type 'Zip' to resource group 'General'
22:23:59: Added resource location '../media/packs/ogretestmap.zip' of type 'Zip' to resource group 'General'
22:23:59: Added resource location '../media/packs/skybox.zip' of type 'Zip' to resource group 'General'
22:23:59: D3D9 : RenderSystem Option: Allow NVPerfHUD = No
22:23:59: D3D9 : RenderSystem Option: Anti aliasing = None
22:23:59: D3D9 : RenderSystem Option: Floating-point mode = Fastest
22:23:59: D3D9 : RenderSystem Option: Full Screen = No
22:23:59: D3D9 : RenderSystem Option: Rendering Device = ATI MOBILITY RADEON
22:23:59: D3D9 : RenderSystem Option: VSync = No
22:23:59: D3D9 : RenderSystem Option: Video Mode = 640 x 400 @ 16-bit colour
22:23:59: CPU Identifier & Features
22:23:59: -------------------------
22:23:59:  *   CPU ID: GenuineIntel-X86
22:23:59:  *      SSE: yes
22:23:59:  *     SSE2: yes
22:23:59:  *     SSE3: no
22:23:59:  *      MMX: yes
22:23:59:  *   MMXEXT: yes
22:23:59:  *    3DNOW: no
22:23:59:  * 3DNOWEXT: no
22:23:59:  *     CMOV: yes
22:23:59:  *      TSC: yes
22:23:59:  *      FPU: yes
22:23:59:  *      PRO: no
22:23:59:  *       HT: no
22:23:59: -------------------------
22:23:59: *** Starting Win32GL Subsystem ***
22:23:59: GLRenderSystem::createRenderWindow "OGRE Render Window", 640x480 windowed  miscParams: FSAA=0 colourDepth=32 vsync=false 
22:23:59: Created Win32Window 'OGRE Render Window' : 640x480, 32bpp
22:23:59: GL_VERSION = 1.3.1006 WinXP Release
22:23:59: GL_VENDOR = ATI Technologies Inc.
22:23:59: GL_RENDERER = RADEON 7000 SW TCL x86/SSE2
22:23:59: GL_EXTENSIONS = GL_ARB_multitexture GL_EXT_texture_env_add GL_EXT_compiled_vertex_array GL_S3_s3tc GL_ARB_occlusion_query GL_ARB_texture_border_clamp GL_ARB_texture_compression GL_ARB_texture_cube_map GL_ARB_texture_env_add GL_ARB_texture_env_combine GL_ARB_texture_env_crossbar GL_ARB_texture_env_dot3 GL_ARB_texture_mirrored_repeat GL_ARB_transpose_matrix GL_ARB_vertex_blend GL_ARB_window_pos GL_ATI_envmap_bumpmap GL_ATI_texture_env_combine3 GL_ATI_texture_mirror_once GL_ATI_vertex_streams GL_ATIX_texture_env_combine3 GL_ATIX_texture_env_route GL_EXT_abgr GL_EXT_bgra GL_EXT_clip_volume_hint GL_EXT_draw_range_elements GL_EXT_fog_coord GL_EXT_multi_draw_arrays GL_EXT_packed_pixels GL_EXT_point_parameters GL_EXT_rescale_normal GL_EXT_secondary_color GL_EXT_separate_specular_color GL_EXT_stencil_wrap GL_EXT_texgen_reflection GL_EXT_texture3D GL_EXT_texture_compression_s3tc GL_EXT_texture_cube_map GL_EXT_texture_edge_clamp GL_EXT_texture_env_combine GL_EXT_texture_env_dot3 GL_EXT_texture_filter_anisotropic GL_EXT_texture_lod_bias GL_EXT_texture_mirror_clamp GL_EXT_texture_object GL_EXT_texture_rectangle GL_EXT_vertex_array GL_HP_occlusion_test GL_NV_blend_square GL_NV_occlusion_query GL_NV_texgen_reflection GL_SGI_color_matrix GL_SGIS_generate_mipmap GL_SGIS_multitexture GL_SGIS_texture_border_clamp GL_SGIS_texture_edge_clamp GL_SGIS_texture_lod GL_SUN_multi_draw_arrays GL_WIN_swap_hint WGL_EXT_extensions_string WGL_EXT_swap_control 
22:23:59: Supported WGL extensions: WGL_ARB_extensions_string WGL_ARB_make_current_read WGL_ARB_pbuffer WGL_ARB_pixel_format WGL_ARB_render_texture WGL_EXT_extensions_string WGL_EXT_swap_control 
22:23:59: ***************************
*** GL Renderer Started ***
***************************
22:23:59: Registering ResourceManager for type GpuProgram
22:23:59: GL: Using PBuffers for rendering to textures
22:23:59: RenderSystem capabilities
22:23:59: -------------------------
22:23:59:  * Hardware generation of mipmaps: yes
22:23:59:  * Texture blending: yes
22:23:59:  * Anisotropic texture filtering: yes
22:23:59:  * Dot product texture operation: yes
22:23:59:  * Cube mapping: yes
22:23:59:  * Hardware stencil buffer: yes
22:23:59:    - Stencil depth: 8
22:23:59:    - Two sided stencil support: no
22:23:59:    - Wrap stencil values: yes
22:23:59:  * Hardware vertex / index buffers: no
22:23:59:  * Vertex programs: no
22:23:59:  * Fragment programs: no
22:23:59:  * Texture Compression: yes
22:23:59:    - DXT: yes
22:23:59:    - VTC: no
22:23:59:  * Scissor Rectangle: yes
22:23:59:  * Hardware Occlusion Query: yes
22:23:59:  * User clip planes: yes
22:23:59:  * VET_UBYTE4 vertex element type: yes
22:23:59:  * Infinite far plane projection: yes
22:23:59:  * Hardware render-to-texture: yes
22:23:59:  * Floating point textures: no
22:23:59:  * Non-power-of-two textures: no
22:23:59:  * Volume textures: yes
22:23:59:  * Multiple Render Targets: 1
22:23:59:  * Point Sprites: no
22:23:59:  * Extended point parameters: yes
22:23:59:  * Max Point Size: 3.75643e-038
22:23:59:  * Vertex texture fetch: yes
22:23:59:    - Max vertex textures: 37955
22:23:59:    - Vertex textures shared: yes
22:23:59: Registering ResourceManager for type Texture
22:23:59: ResourceBackgroundQueue - threading disabled
22:23:59: Particle Renderer Type 'billboard' registered
22:23:59: Creating viewport on target 'OGRE Render Window', rendering from camera 'PlayerCam', relative dimensions L: 0.00 T: 0.00 W: 1.00 H: 1.00 ZOrder: 0
22:23:59: Viewport for camera 'PlayerCam', actual dimensions L: 0 T: 0 W: 640 H: 480
22:23:59: Parsing scripts for resource group Autodetect
22:23:59: Finished parsing scripts for resource group Autodetect
22:23:59: Parsing scripts for resource group Bootstrap
22:23:59: Parsing script OgreCore.material
22:23:59: Parsing script OgreProfiler.material
22:23:59: Parsing script Ogre.fontdef
22:23:59: Parsing script OgreDebugPanel.overlay
22:23:59: Texture: New_Ogre_Border_Center.png: Loading 1 faces(PF_A8R8G8B8,256x128x1) with 8 hardware generated mipmaps from Image. Internal format is PF_A8R8G8B8,256x128x1.
22:23:59: Texture: New_Ogre_Border.png: Loading 1 faces(PF_A8R8G8B8,256x256x1) with 8 hardware generated mipmaps from Image. Internal format is PF_A8R8G8B8,256x256x1.
22:23:59: Texture: New_Ogre_Border_Break.png: Loading 1 faces(PF_A8R8G8B8,32x32x1) with 5 hardware generated mipmaps from Image. Internal format is PF_A8R8G8B8,32x32x1.
22:23:59: Font BlueHighwayusing texture size 512x512
22:23:59: Info: Freetype returned null for character 127 in font BlueHighway
22:23:59: Info: Freetype returned null for character 128 in font BlueHighway
22:23:59: Info: Freetype returned null for character 129 in font BlueHighway
22:23:59: Info: Freetype returned null for character 130 in font BlueHighway
22:23:59: Info: Freetype returned null for character 131 in font BlueHighway
22:23:59: Info: Freetype returned null for character 132 in font BlueHighway
22:23:59: Info: Freetype returned null for character 133 in font BlueHighway
22:23:59: Info: Freetype returned null for character 134 in font BlueHighway
22:23:59: Info: Freetype returned null for character 135 in font BlueHighway
22:23:59: Info: Freetype returned null for character 136 in font BlueHighway
22:23:59: Info: Freetype returned null for character 137 in font BlueHighway
22:23:59: Info: Freetype returned null for character 138 in font BlueHighway
22:23:59: Info: Freetype returned null for character 139 in font BlueHighway
22:23:59: Info: Freetype returned null for character 140 in font BlueHighway
22:23:59: Info: Freetype returned null for character 141 in font BlueHighway
22:23:59: Info: Freetype returned null for character 142 in font BlueHighway
22:23:59: Info: Freetype returned null for character 143 in font BlueHighway
22:23:59: Info: Freetype returned null for character 144 in font BlueHighway
22:23:59: Info: Freetype returned null for character 145 in font BlueHighway
22:23:59: Info: Freetype returned null for character 146 in font BlueHighway
22:23:59: Info: Freetype returned null for character 147 in font BlueHighway
22:23:59: Info: Freetype returned null for character 148 in font BlueHighway
22:23:59: Info: Freetype returned null for character 149 in font BlueHighway
22:23:59: Info: Freetype returned null for character 150 in font BlueHighway
22:23:59: Info: Freetype returned null for character 151 in font BlueHighway
22:23:59: Info: Freetype returned null for character 152 in font BlueHighway
22:23:59: Info: Freetype returned null for character 153 in font BlueHighway
22:23:59: Info: Freetype returned null for character 154 in font BlueHighway
22:23:59: Info: Freetype returned null for character 155 in font BlueHighway
22:23:59: Info: Freetype returned null for character 156 in font BlueHighway
22:23:59: Info: Freetype returned null for character 157 in font BlueHighway
22:23:59: Info: Freetype returned null for character 158 in font BlueHighway
22:23:59: Info: Freetype returned null for character 159 in font BlueHighway
22:23:59: Info: Freetype returned null for character 160 in font BlueHighway
22:23:59: Texture: BlueHighwayTexture: Loading 1 faces(PF_BYTE_LA,512x512x1) with  hardware generated mipmaps from Image. Internal format is PF_BYTE_LA,512x512x1.
22:23:59: Texture: ogretext.png: Loading 1 faces(PF_A8R8G8B8,256x128x1) with 8 hardware generated mipmaps from Image. Internal format is PF_A8R8G8B8,256x128x1.
22:23:59: Parsing script OgreLoadingPanel.overlay
22:23:59: Finished parsing scripts for resource group Bootstrap
22:23:59: Parsing scripts for resource group General
22:23:59: Parsing script Examples.program
22:23:59: Parsing script StdQuad_vp.program
22:23:59: Parsing script BlackAndWhite.material
22:23:59: Parsing script Bloom.material
22:23:59: Parsing script DOF.material
22:23:59: Parsing script Embossed.material
22:23:59: Parsing script Example-DynTex.material
22:23:59: Parsing script Example-Water.material
22:24:00: Parsing script Example.material
22:24:00: Parsing script Examples-Advanced.material
22:24:00: Parsing script facial.material
22:24:00: Parsing script Glass.material
22:24:00: Parsing script hdr.material
22:24:00: Parsing script HeatVision.material
22:24:00: Parsing script Hurt.material
22:24:00: Parsing script Invert.material
22:24:00: Parsing script Laplace.material
22:24:00: Parsing script MotionBlur.material
22:24:00: Parsing script Ocean.material
22:24:00: Parsing script OffsetMapping.material
22:24:00: Parsing script Ogre.material
22:24:00: Parsing script OldMovie.material
22:24:00: Parsing script OldTV.material
22:24:00: Parsing script Posterize.material
22:24:00: Parsing script RZR-002.material
22:24:00: Parsing script SharpenEdges.material
22:24:00: Parsing script smoke.material
22:24:00: Parsing script Tiling.material
22:24:00: Parsing script fresnelenviron.material
22:24:00: Parsing script Examples.compositor
22:24:00: Parsing script sample.fontdef
22:24:00: Parsing script Example-Water.particle
22:24:00: Parsing script Example.particle
22:24:00: Parsing script smoke.particle
22:24:00: Parsing script Compositor.overlay
22:24:00: Parsing script DP3.overlay
22:24:00: Parsing script Example-CubeMapping.overlay
22:24:00: Parsing script Example-DynTex.overlay
22:24:00: Parsing script Example-Water.overlay
22:24:00: Parsing script Shadows.overlay
22:24:00: Finished parsing scripts for resource group General
22:24:00: Parsing scripts for resource group Internal
22:24:00: Finished parsing scripts for resource group Internal
22:24:00: Texture: BumpyMetal.jpg: Loading 1 faces(PF_R8G8B8,512x512x1) with 9 hardware generated mipmaps from Image. Internal format is PF_X8R8G8B8,512x512x1.
22:24:00: Mesh: Loading knot.mesh.
22:24:00: WARNING: knot.mesh is an older format ([MeshSerializer_v1.30]); you should upgrade it as soon as possible using the OgreMeshUpgrade tool.
22:24:00: Texture: MtlPlat2.jpg: Loading 1 faces(PF_R8G8B8,780x511x1) with 10 hardware generated mipmaps from Image. Internal format is PF_X8R8G8B8,1024x512x1.
22:24:00: Texture: Water02.jpg: Loading 1 faces(PF_R8G8B8,512x512x1) with 9 hardware generated mipmaps from Image. Internal format is PF_X8R8G8B8,512x512x1.
22:24:00: Texture: Water01.jpg: Loading 1 faces(PF_R8G8B8,512x512x1) with 9 hardware generated mipmaps from Image. Internal format is PF_X8R8G8B8,512x512x1.
22:24:00: Texture: clouds.jpg: Loading 1 faces(PF_R8G8B8,256x256x1) with 5 hardware generated mipmaps from Image. Internal format is PF_X8R8G8B8,256x256x1.
22:24:04: Unregistering ResourceManager for type BspLevel
22:24:04: *-*-* OGRE Shutdown
22:24:04: Unregistering ResourceManager for type Compositor
22:24:04: Unregistering ResourceManager for type Font
22:24:04: Unregistering ResourceManager for type Skeleton
22:24:04: Unregistering ResourceManager for type Mesh
22:24:04: Unregistering ResourceManager for type HighLevelGpuProgram
22:24:04: Unloading library c:/development/ocvs/ogrenew/samples/common/bin/release\Plugin_CgProgramManager.dll
22:24:04: Unloading library c:/development/ocvs/ogrenew/samples/common/bin/release\Plugin_OctreeSceneManager.dll
22:24:04: Unloading library c:/development/ocvs/ogrenew/samples/common/bin/release\Plugin_BSPSceneManager.dll
22:24:04: Unloading library c:/development/ocvs/ogrenew/samples/common/bin/release\Plugin_ParticleFX.dll
22:24:04: D3D9 : Shutting down cleanly.
22:24:04: D3D9 : Direct3D9 Rendering Subsystem destroyed.
22:24:04: Unloading library c:/development/ocvs/ogrenew/samples/common/bin/release\RenderSystem_Direct3D9.dll
22:24:04: Render Target 'OGRE Render Window' Average FPS: 64.4602 Best FPS: 64.8056 Worst FPS: 63.6816
22:24:04: Unregistering ResourceManager for type GpuProgram
22:24:04: *** Stopping Win32GL Subsystem ***
22:24:04: Unregistering ResourceManager for type Texture
22:24:04: Unloading library c:/development/ocvs/ogrenew/samples/common/bin/release\RenderSystem_GL.dll
22:24:04: Unregistering ResourceManager for type Material
