23:56:52: Creating resource group General
23:56:52: Creating resource group Internal
23:56:52: Creating resource group Autodetect
23:56:52: SceneManagerFactory for type 'DefaultSceneManager' registered.
23:56:52: Registering ResourceManager for type Material
23:56:52: Registering ResourceManager for type Mesh
23:56:52: Registering ResourceManager for type Skeleton
23:56:52: MovableObjectFactory for type 'ParticleSystem' registered.
23:56:52: OverlayElementFactory for type Panel registered.
23:56:52: OverlayElementFactory for type BorderPanel registered.
23:56:52: OverlayElementFactory for type TextArea registered.
23:56:52: Registering ResourceManager for type Font
23:56:52: ArchiveFactory for archive type FileSystem registered.
23:56:52: ArchiveFactory for archive type Zip registered.
23:56:52: FreeImage version: 3.9.2
23:56:52: This program uses FreeImage, a free, open source image library supporting all common bitmap formats. See http://freeimage.sourceforge.net for details
23:56:52: Supported formats: bmp,ico,jpg,jif,jpeg,jpe,jng,koa,iff,lbm,mng,pbm,pbm,pcd,pcx,pgm,pgm,png,ppm,ppm,ras,tga,targa,tif,tiff,wap,wbmp,wbm,psd,cut,xbm,xpm,gif,hdr,g3,sgi
23:56:52: DDS codec registering
23:56:52: Registering ResourceManager for type HighLevelGpuProgram
23:56:52: Registering ResourceManager for type Compositor
23:56:52: MovableObjectFactory for type 'Entity' registered.
23:56:52: MovableObjectFactory for type 'Light' registered.
23:56:52: MovableObjectFactory for type 'BillboardSet' registered.
23:56:52: MovableObjectFactory for type 'ManualObject' registered.
23:56:52: MovableObjectFactory for type 'BillboardChain' registered.
23:56:52: MovableObjectFactory for type 'RibbonTrail' registered.
23:56:52: *-*-* OGRE Initialising
23:56:52: *-*-* Version 1.4.0 (Eihort)
23:56:52: Loading library ./plugins\RenderSystem_GL.dll
23:56:52: Installing plugin: GL RenderSystem
23:56:52: OpenGL Rendering Subsystem created.
23:56:52: Plugin successfully installed
23:56:52: Loading library ./plugins\Plugin_BSPSceneManager.dll
23:56:52: Installing plugin: BSP Scene Manager
23:56:52: Plugin successfully installed
23:56:52: Loading library ./plugins\Plugin_CgProgramManager.dll
23:56:52: Installing plugin: Cg Program Manager
23:56:52: Plugin successfully installed
23:56:52: Loading library ./plugins\Plugin_OctreeSceneManager.dll
23:56:52: Installing plugin: Octree & Terrain Scene Manager
23:56:52: Plugin successfully installed
23:56:52: Loading library ./plugins\RenderSystem_Direct3D9.dll
23:56:52: Installing plugin: D3D9 RenderSystem
23:56:52: D3D9 : Direct3D9 Rendering Subsystem created.
23:56:53: D3D9: Driver Detection Starts
23:56:53: D3D9: Driver Detection Ends
23:56:53: Plugin successfully installed
23:56:53: Loading library ./plugins\Plugin_ParticleFX.dll
23:56:53: Installing plugin: ParticleFX
23:56:53: Particle Emitter Type 'Point' registered
23:56:53: Particle Emitter Type 'Box' registered
23:56:53: Particle Emitter Type 'Ellipsoid' registered
23:56:53: Particle Emitter Type 'Cylinder' registered
23:56:53: Particle Emitter Type 'Ring' registered
23:56:53: Particle Emitter Type 'HollowEllipsoid' registered
23:56:53: Particle Affector Type 'LinearForce' registered
23:56:53: Particle Affector Type 'ColourFader' registered
23:56:53: Particle Affector Type 'ColourFader2' registered
23:56:53: Particle Affector Type 'ColourImage' registered
23:56:53: Particle Affector Type 'ColourInterpolator' registered
23:56:53: Particle Affector Type 'Scaler' registered
23:56:53: Particle Affector Type 'Rotator' registered
23:56:53: Particle Affector Type 'DirectionRandomiser' registered
23:56:53: Particle Affector Type 'DeflectorPlane' registered
23:56:53: Plugin successfully installed
23:56:53: D3D9 : RenderSystem Option: Allow NVPerfHUD = No
23:56:53: D3D9 : RenderSystem Option: Anti aliasing = None
23:56:53: D3D9 : RenderSystem Option: Floating-point mode = Fastest
23:56:53: D3D9 : RenderSystem Option: Full Screen = Yes
23:56:53: D3D9 : RenderSystem Option: Rendering Device = Radeon X1650 Series
23:56:53: D3D9 : RenderSystem Option: VSync = No
23:56:53: D3D9 : RenderSystem Option: Video Mode = 800 x 600 @ 32-bit colour
23:56:53: CPU Identifier & Features
23:56:53: -------------------------
23:56:53:  *   CPU ID: GenuineIntel: Intel(R) Pentium(R) 4 CPU 2.80GHz
23:56:53:  *      SSE: yes
23:56:53:  *     SSE2: yes
23:56:53:  *     SSE3: no
23:56:53:  *      MMX: yes
23:56:53:  *   MMXEXT: yes
23:56:53:  *    3DNOW: no
23:56:53:  * 3DNOWEXT: no
23:56:53:  *     CMOV: yes
23:56:53:  *      TSC: yes
23:56:53:  *      FPU: yes
23:56:53:  *      PRO: no
23:56:53:  *       HT: yes
23:56:53: -------------------------
23:56:53: D3D9 : Subsystem Initialising
23:56:53: D3D9RenderSystem::createRenderWindow "Tek Demo", 800x600 fullscreen  miscParams: FSAA=0 FSAAQuality=0 colourDepth=32 useNVPerfHUD=false vsync=false 
23:56:53: D3D9 : Created D3D9 Rendering Window 'Tek Demo' : 800x600, 32bpp
23:56:54: Registering ResourceManager for type Texture
23:56:54: Registering ResourceManager for type GpuProgram
23:56:54: RenderSystem capabilities
23:56:54: -------------------------
23:56:54:  * Hardware generation of mipmaps: yes
23:56:54:  * Texture blending: yes
23:56:54:  * Anisotropic texture filtering: yes
23:56:54:  * Dot product texture operation: yes
23:56:54:  * Cube mapping: yes
23:56:54:  * Hardware stencil buffer: yes
23:56:54:    - Stencil depth: 8
23:56:54:    - Two sided stencil support: yes
23:56:54:    - Wrap stencil values: yes
23:56:54:  * Hardware vertex / index buffers: yes
23:56:54:  * Vertex programs: yes
23:56:54:    - Max vertex program version: vs_3_0
23:56:54:  * Fragment programs: yes
23:56:54:    - Max fragment program version: ps_3_0
23:56:54:  * Texture Compression: yes
23:56:54:    - DXT: yes
23:56:54:    - VTC: no
23:56:54:  * Scissor Rectangle: yes
23:56:54:  * Hardware Occlusion Query: yes
23:56:54:  * User clip planes: yes
23:56:54:  * VET_UBYTE4 vertex element type: yes
23:56:54:  * Infinite far plane projection: yes
23:56:54:  * Hardware render-to-texture: yes
23:56:54:  * Floating point textures: yes
23:56:54:  * Non-power-of-two textures: yes (limited)
23:56:54:  * Volume textures: yes
23:56:54:  * Multiple Render Targets: 4
23:56:54:  * Point Sprites: yes
23:56:54:  * Extended point parameters: yes
23:56:54:  * Max Point Size: 256
23:56:54:  * Vertex texture fetch: no
23:56:54: ***************************************
23:56:54: *** D3D9 : Subsystem Initialised OK ***
23:56:54: ***************************************
23:56:54: ResourceBackgroundQueue - threading disabled
23:56:54: Particle Renderer Type 'billboard' registered
23:56:54: SceneManagerFactory for type 'OctreeSceneManager' registered.
23:56:54: SceneManagerFactory for type 'TerrainSceneManager' registered.
23:56:54: SceneManagerFactory for type 'BspSceneManager' registered.
23:56:54: Registering ResourceManager for type BspLevel
23:56:54: Creating viewport on target 'Tek Demo', rendering from camera 'PlayerCam', relative dimensions L: 0.00 T: 0.00 W: 1.00 H: 1.00 ZOrder: 0
23:56:54: Viewport for camera 'PlayerCam', actual dimensions L: 0 T: 0 W: 800 H: 600
23:56:54: Creating resource group Bootstrap
23:56:54: Added resource location './media/OgreCore.zip' of type 'Zip' to resource group 'Bootstrap'
23:56:54: Creating resource group MainMenu
23:56:54: Added resource location './media/MainMenu' of type 'FileSystem' to resource group 'MainMenu'
23:56:54: Creating resource group Core
23:56:54: Added resource location './media/Core/Materials' of type 'FileSystem' to resource group 'Core'
23:56:54: Added resource location './media/packs/dragon.zip' of type 'Zip' to resource group 'Core'
23:56:54: Added resource location './media/packs/Foliage.zip' of type 'Zip' to resource group 'Core'
23:56:54: Creating resource group testlevel
23:56:54: Added resource location './media/testlevel' of type 'FileSystem' to resource group 'testlevel'
23:56:54: Initialising resource group Core
23:56:54: Parsing scripts for resource group Core
23:56:54: Parsing script Examples.program
23:56:54: OGRE EXCEPTION(6:FileNotFoundException): Cannot locate resource Example_Basic.cg in resource group Core or any other group. in ResourceGroupManager::openResource at \Development\ogrenew\OgreMain\src\OgreResourceGroupManager.cpp (line 603)
23:56:54: High-level program Ogre/BasicVertexPrograms/AmbientOneTexture encountered an error during loading and is thus not supported.
23:56:54: OGRE EXCEPTION(6:FileNotFoundException): Cannot locate resource Example_Basic.cg in resource group Core or any other group. in ResourceGroupManager::openResource at \Development\ogrenew\OgreMain\src\OgreResourceGroupManager.cpp (line 603)
23:56:54: High-level program Ogre/HardwareSkinningTwoWeightsCg encountered an error during loading and is thus not supported.
23:56:54: OGRE EXCEPTION(6:FileNotFoundException): Cannot locate resource Example_Basic.cg in resource group Core or any other group. in ResourceGroupManager::openResource at \Development\ogrenew\OgreMain\src\OgreResourceGroupManager.cpp (line 603)
23:56:54: High-level program Ogre/HardwareMorphAnimation encountered an error during loading and is thus not supported.
23:56:54: OGRE EXCEPTION(6:FileNotFoundException): Cannot locate resource Example_Basic.cg in resource group Core or any other group. in ResourceGroupManager::openResource at \Development\ogrenew\OgreMain\src\OgreResourceGroupManager.cpp (line 603)
23:56:54: High-level program Ogre/HardwarePoseAnimation encountered an error during loading and is thus not supported.
23:56:54: Parsing script Bloom.material
23:56:54: Parsing script Examples-Advanced.material
23:56:54: OGRE EXCEPTION(6:FileNotFoundException): Cannot locate resource Example_CelShading.cg in resource group Core or any other group. in ResourceGroupManager::openResource at \Development\ogrenew\OgreMain\src\OgreResourceGroupManager.cpp (line 603)
23:56:54: High-level program Ogre/CelShadingVP encountered an error during loading and is thus not supported.
23:56:54: OGRE EXCEPTION(6:FileNotFoundException): Cannot locate resource Example_CelShading.cg in resource group Core or any other group. in ResourceGroupManager::openResource at \Development\ogrenew\OgreMain\src\OgreResourceGroupManager.cpp (line 603)
23:56:54: High-level program Ogre/CelShadingFP encountered an error during loading and is thus not supported.
23:56:54: OGRE EXCEPTION(6:FileNotFoundException): Cannot locate resource Example_BumpMapping.cg in resource group Core or any other group. in ResourceGroupManager::openResource at \Development\ogrenew\OgreMain\src\OgreResourceGroupManager.cpp (line 603)
23:56:54: High-level program Examples/BumpMapVP encountered an error during loading and is thus not supported.
23:56:54: OGRE EXCEPTION(6:FileNotFoundException): Cannot locate resource Example_BumpMapping.cg in resource group Core or any other group. in ResourceGroupManager::openResource at \Development\ogrenew\OgreMain\src\OgreResourceGroupManager.cpp (line 603)
23:56:54: High-level program Examples/BumpMapFP encountered an error during loading and is thus not supported.
23:56:54: OGRE EXCEPTION(6:FileNotFoundException): Cannot locate resource Example_BumpMapping.cg in resource group Core or any other group. in ResourceGroupManager::openResource at \Development\ogrenew\OgreMain\src\OgreResourceGroupManager.cpp (line 603)
23:56:54: High-level program Examples/BumpMapVPSpecular encountered an error during loading and is thus not supported.
23:56:54: OGRE EXCEPTION(6:FileNotFoundException): Cannot locate resource Example_BumpMapping.cg in resource group Core or any other group. in ResourceGroupManager::openResource at \Development\ogrenew\OgreMain\src\OgreResourceGroupManager.cpp (line 603)
23:56:54: High-level program Examples/BumpMapFPSpecular encountered an error during loading and is thus not supported.
23:56:54: OGRE EXCEPTION(6:FileNotFoundException): Cannot locate resource Example_Projection.cg in resource group Core or any other group. in ResourceGroupManager::openResource at \Development\ogrenew\OgreMain\src\OgreResourceGroupManager.cpp (line 603)
23:56:54: High-level program Examples/TexProjectionVP encountered an error during loading and is thus not supported.
23:56:54: OGRE EXCEPTION(6:FileNotFoundException): Cannot locate resource Example_Projection.cg in resource group Core or any other group. in ResourceGroupManager::openResource at \Development\ogrenew\OgreMain\src\OgreResourceGroupManager.cpp (line 603)
23:56:54: High-level program Examples/TexProjectionFP encountered an error during loading and is thus not supported.
23:56:54: OGRE EXCEPTION(6:FileNotFoundException): Cannot locate resource Example_Fresnel.cg in resource group Core or any other group. in ResourceGroupManager::openResource at \Development\ogrenew\OgreMain\src\OgreResourceGroupManager.cpp (line 603)
23:56:54: High-level program Examples/FresnelRefractReflectVP encountered an error during loading and is thus not supported.
23:56:54: OGRE EXCEPTION(6:FileNotFoundException): Cannot locate resource Example_Fresnel.cg in resource group Core or any other group. in ResourceGroupManager::openResource at \Development\ogrenew\OgreMain\src\OgreResourceGroupManager.cpp (line 603)
23:56:54: High-level program Examples/FresnelRefractReflectFP encountered an error during loading and is thus not supported.
23:56:54: OGRE EXCEPTION(6:FileNotFoundException): Cannot locate resource Example_BumpMapping.cg in resource group Core or any other group. in ResourceGroupManager::openResource at \Development\ogrenew\OgreMain\src\OgreResourceGroupManager.cpp (line 603)
23:56:54: High-level program Examples/BumpMapVPShadowRcv encountered an error during loading and is thus not supported.
23:56:54: OGRE EXCEPTION(6:FileNotFoundException): Cannot locate resource Example_BumpMapping.cg in resource group Core or any other group. in ResourceGroupManager::openResource at \Development\ogrenew\OgreMain\src\OgreResourceGroupManager.cpp (line 603)
23:56:54: High-level program Examples/BumpMapFPShadowRcv encountered an error during loading and is thus not supported.
23:56:54: Parsing script BdBush.material
23:56:54: Parsing script grass1.material
23:56:54: Parsing script palms.material
23:56:54: Parsing script shortgrass.material
23:56:54: Parsing script Examples.compositor
23:56:54: Finished parsing scripts for resource group Core
23:56:55: Initialising resource group testlevel
23:56:55: Parsing scripts for resource group testlevel
23:56:55: Parsing script dragon.material
23:56:55: Parsing script fish.material
23:56:55: Parsing script grass.material
23:56:55: Parsing script island.material
23:56:55: Parsing script LandMaterial.material
23:56:55: Parsing script monkey_baked.material
23:56:55: Parsing script Rastaman.material
23:56:55: Parsing script smoke.material
23:56:55: Parsing script stonemonkeys.material
23:56:55: Parsing script testlevel.material
23:56:55: Parsing script testlevel_skybox.material
23:56:55: Parsing script testlevel_skyboxes.material
23:56:55: Error in material testLevel/TG2_skybox at line 9 of testlevel_skyboxes.material: Bad fog_override attribute, valid parameters are 'true' or 'false'.
23:56:55: Error in material testLevel/sea_skybox at line 27 of testlevel_skyboxes.material: Bad fog_override attribute, valid parameters are 'true' or 'false'.
23:56:55: Parsing script water.material
23:56:55: Parsing script smoke.particle
23:56:55: Finished parsing scripts for resource group testlevel
23:56:55: Mesh: Loading waterPlane.mesh.
23:56:55: Texture: Water02.png: Loading 1 faces(PF_A8R8G8B8,512x512x1) with  hardware generated mipmaps from Image. Internal format is PF_A8R8G8B8,512x512x1.
23:56:55: Mesh: Loading Plane.mesh.
23:56:55: Texture: Land_Lightmap_Large.jpg: Loading 1 faces(PF_R8G8B8,2048x2048x1) with  hardware generated mipmaps from Image. Internal format is PF_X8R8G8B8,2048x2048x1.
23:56:55: Mesh: Loading primitivemonkey.mesh.
23:56:55: Texture: monkeyLightMap.tga: Loading 1 faces(PF_R8G8B8,256x256x1) with  hardware generated mipmaps from Image. Internal format is PF_X8R8G8B8,256x256x1.
23:57:04: Mesh: Loading ShortGrass.mesh.
23:57:04: Texture: grass4_SKIN#32.bmp: Loading 1 faces(PF_A8R8G8B8,512x512x1) with  hardware generated mipmaps from Image. Internal format is PF_A8R8G8B8,512x512x1.
23:57:04: Mesh: Loading BendyPalm.mesh.
23:57:04: Texture: palmtree_palmtexture_2.t.bmp: Loading 1 faces(PF_A8R8G8B8,512x512x1) with  hardware generated mipmaps from Image. Internal format is PF_A8R8G8B8,512x512x1.
23:57:04: Mesh: Loading KinkyPalm.mesh.
23:57:04: Mesh: Loading BigDarkBush.mesh.
23:57:04: Texture: bush3_IMG_1409.png: Loading 1 faces(PF_A8R8G8B8,512x512x1) with  hardware generated mipmaps from Image. Internal format is PF_A8R8G8B8,512x512x1.
23:57:04: Mesh: Loading StraightPalm.mesh.
23:57:04: Texture: sea_sb_for.jpg: Loading 1 faces(PF_R8G8B8,512x512x1) with  hardware generated mipmaps from Image. Internal format is PF_X8R8G8B8,512x512x1.
23:57:04: Texture: sea_sb_back.jpg: Loading 1 faces(PF_R8G8B8,512x512x1) with  hardware generated mipmaps from Image. Internal format is PF_X8R8G8B8,512x512x1.
23:57:04: Texture: sea_sb_left.jpg: Loading 1 faces(PF_R8G8B8,512x512x1) with  hardware generated mipmaps from Image. Internal format is PF_X8R8G8B8,512x512x1.
23:57:04: Texture: sea_sb_right.jpg: Loading 1 faces(PF_R8G8B8,512x512x1) with  hardware generated mipmaps from Image. Internal format is PF_X8R8G8B8,512x512x1.
23:57:04: Texture: tg2_skybox_up.jpg: Loading 1 faces(PF_R8G8B8,512x512x1) with  hardware generated mipmaps from Image. Internal format is PF_X8R8G8B8,512x512x1.
23:57:04: Texture: sea_sb_dn.jpg: Loading 1 faces(PF_R8G8B8,512x512x1) with  hardware generated mipmaps from Image. Internal format is PF_X8R8G8B8,512x512x1.
23:57:04: Creating viewport on target 'rtt/121265376', rendering from camera 'PlayerCam', relative dimensions L: 0.00 T: 0.00 W: 1.00 H: 1.00 ZOrder: 0
23:57:04: Viewport for camera 'PlayerCam', actual dimensions L: 0 T: 0 W: 128 H: 128
23:57:04: Creating viewport on target 'rtt/121265888', rendering from camera 'PlayerCam', relative dimensions L: 0.00 T: 0.00 W: 1.00 H: 1.00 ZOrder: 0
23:57:04: Viewport for camera 'PlayerCam', actual dimensions L: 0 T: 0 W: 128 H: 128
23:57:04: Mesh: Loading rastaMan.mesh.
23:57:05: Skeleton: Loading RastaMan-Armature.skeleton
23:57:05: Texture: RastamanTexture.jpg: Loading 1 faces(PF_R8G8B8,512x512x1) with  hardware generated mipmaps from Image. Internal format is PF_X8R8G8B8,512x512x1.
23:57:05: WARNING: the mesh 'rastaMan.mesh' includes vertices with more than 4 bone assignments. The lowest weighted assignments beyond this limit have been removed, so your animation may look slightly different. To eliminate this, reduce the number of bone assignments per vertex on your mesh to 4.
23:57:05: Mesh: Loading fish.mesh.
23:57:05: Skeleton: Loading fish.skeleton
23:57:05: Texture: steelhead.png: Loading 1 faces(PF_R8G8B8,256x256x1) with  hardware generated mipmaps from Image. Internal format is PF_X8R8G8B8,256x256x1.
23:57:05: WARNING: the mesh 'fish.mesh' includes vertices without bone assignments. Those vertices will transform to wrong position when skeletal animation enabled. To eliminate this, assign at least one bone assignment per vertex on your mesh.
23:57:05: Mesh: Loading Triangle.mesh.
23:57:05: WARNING: Triangle.mesh is an older format ([MeshSerializer_v1.30]); you should upgrade it as soon as possible using the OgreMeshUpgrade tool.
23:57:05: Can't assign material Material.001 to SubEntity of Bird2BirdMesh because this Material does not exist. Have you forgotten to define it in a .material script?
23:57:05: Can't assign material Material.001 to SubEntity of Bird3BirdMesh because this Material does not exist. Have you forgotten to define it in a .material script?
23:57:05: Can't assign material Material.001 to SubEntity of Bird4BirdMesh because this Material does not exist. Have you forgotten to define it in a .material script?
23:57:05: Can't assign material Material.001 to SubEntity of Bird5BirdMesh because this Material does not exist. Have you forgotten to define it in a .material script?
23:57:05: Can't assign material Material.001 to SubEntity of Bird6BirdMesh because this Material does not exist. Have you forgotten to define it in a .material script?
23:57:05: Can't assign material Material.001 to SubEntity of Bird7BirdMesh because this Material does not exist. Have you forgotten to define it in a .material script?
23:57:05: Can't assign material Material.001 to SubEntity of Bird8BirdMesh because this Material does not exist. Have you forgotten to define it in a .material script?
23:57:05: Can't assign material Material.001 to SubEntity of Bird9BirdMesh because this Material does not exist. Have you forgotten to define it in a .material script?
23:57:05: Can't assign material Material.001 to SubEntity of Bird10BirdMesh because this Material does not exist. Have you forgotten to define it in a .material script?
23:57:05: Can't assign material Material.001 to SubEntity of Bird11BirdMesh because this Material does not exist. Have you forgotten to define it in a .material script?
23:57:05: Can't assign material Material.001 to SubEntity of Bird12BirdMesh because this Material does not exist. Have you forgotten to define it in a .material script?
23:57:05: Can't assign material Material.001 to SubEntity of Bird13BirdMesh because this Material does not exist. Have you forgotten to define it in a .material script?
23:57:05: Can't assign material Material.001 to SubEntity of Bird14BirdMesh because this Material does not exist. Have you forgotten to define it in a .material script?
23:57:05: Can't assign material Material.001 to SubEntity of Bird15BirdMesh because this Material does not exist. Have you forgotten to define it in a .material script?
23:57:05: Can't assign material Material.001 to SubEntity of Bird16BirdMesh because this Material does not exist. Have you forgotten to define it in a .material script?
23:57:05: Can't assign material Material.001 to SubEntity of Bird17BirdMesh because this Material does not exist. Have you forgotten to define it in a .material script?
23:57:05: Can't assign material Material.001 to SubEntity of Bird18BirdMesh because this Material does not exist. Have you forgotten to define it in a .material script?
23:57:05: Can't assign material Material.001 to SubEntity of Bird19BirdMesh because this Material does not exist. Have you forgotten to define it in a .material script?
23:57:05: Mesh: Loading dragon.mesh.
23:57:05: WARNING: dragon.mesh is an older format ([MeshSerializer_v1.10]); you should upgrade it as soon as possible using the OgreMeshUpgrade tool.
23:57:05: Texture: BODY.jpg: Loading 1 faces(PF_R8G8B8,512x512x1) with  hardware generated mipmaps from Image. Internal format is PF_X8R8G8B8,512x512x1.
23:57:05: Texture: HEAD4.jpg: Loading 1 faces(PF_R8G8B8,512x512x1) with  hardware generated mipmaps from Image. Internal format is PF_X8R8G8B8,512x512x1.
23:57:05: Texture: LEGS.jpg: Loading 1 faces(PF_R8G8B8,512x512x1) with  hardware generated mipmaps from Image. Internal format is PF_X8R8G8B8,512x512x1.
23:57:05: WARNING: Texture instance 'CompositorInstanceTexture1' was defined as manually loaded, but no manual loader was provided. This Resource will be lost if it has to be reloaded.
23:57:05: WARNING: Texture instance 'CompositorInstanceTexture0' was defined as manually loaded, but no manual loader was provided. This Resource will be lost if it has to be reloaded.
23:57:05: Texture: spot_shadow_fade.png: Loading 1 faces(PF_R8G8B8,128x128x1) with  hardware generated mipmaps from Image. Internal format is PF_X8R8G8B8,128x128x1.
23:57:05: Texture: smoke.png: Loading 1 faces(PF_A8R8G8B8,256x256x1) with  hardware generated mipmaps from Image. Internal format is PF_A8R8G8B8,256x256x1.
23:57:05: WARNING: Texture instance 'Ogre/ShadowTexture0' was defined as manually loaded, but no manual loader was provided. This Resource will be lost if it has to be reloaded.
23:57:05: Creating viewport on target 'rtt/122513216', rendering from camera 'Ogre/ShadowTexture0Cam', relative dimensions L: 0.00 T: 0.00 W: 1.00 H: 1.00 ZOrder: 0
23:57:05: Viewport for camera 'Ogre/ShadowTexture0Cam', actual dimensions L: 0 T: 0 W: 512 H: 512
