13:10:15: Creating resource group General
13:10:15: Creating resource group Internal
13:10:15: Creating resource group Autodetect
13:10:15: Registering ResourceManager for type Mesh
13:10:15: Registering ResourceManager for type Material
13:10:15: Registering ResourceManager for type Skeleton
13:10:15: Loading mesh whale.mesh...
13:10:15: Skeleton: Loading Whale-whalebone.skeleton
13:10:15: OGRE EXCEPTION(6:FileNotFoundException): Cannot locate resource Whale-whalebone.skeleton in resource group General or any other group. in ResourceGroupManager::openResource at ..\src\OgreResourceGroupManager.cpp (line 603)
13:10:15: Unable to load skeleton Whale-whalebone.skeleton for Mesh whale.mesh. This Mesh will not be animated. You can ignore this message if you are using an offline tool.
13:10:15: Processing mesh...
13:10:15: Calculating transformation...
13:10:15: Apply rotation (quat.) 0.707107 -0 -0.707107 -0
13:10:15: final transform -1.19209e-007 0 -1 0 0 1 0 0 1 0 -1.19209e-007 0 0 0 0 1
13:10:15: MeshSerializer writing mesh data to whale.mesh...
13:10:15: File header written.
13:10:15: Writing mesh data...
13:10:15: Writing submesh...
13:10:15: Exporting submesh texture aliases...
13:10:15: Submesh texture aliases exported.
13:10:15: Exporting dedicated geometry bone assignments...
13:10:15: Dedicated geometry bone assignments exported.
13:10:15: Submesh exported.
13:10:15: Exporting skeleton link...
13:10:15: Skeleton link exported.
13:10:15: Exporting bounds information....
13:10:15: Bounds information exported.
13:10:15: Exporting submesh name table...
13:10:15: Submesh name table exported.
13:10:15: Exporting edge lists...
13:10:15: Edge lists exported
13:10:15: Mesh data exported.
13:10:15: MeshSerializer export successful.
13:10:15: Mesh saved as whale.mesh.
13:10:15: Loading skeleton Whale-whalebone.skeleton...
13:10:15: Processing skeleton...
13:10:15: Calculating transformation...
13:10:15: Apply rotation (quat.) 0.707107 -0 -0.707107 -0
13:10:15: final transform -1.19209e-007 0 -1 0 0 1 0 0 1 0 -1.19209e-007 0 0 0 0 1
13:10:15: Processing bone Bone.010...
13:10:15: Processing bone Bone.011...
13:10:15: Processing bone Bone.017...
13:10:15: Processing bone Bone.014...
13:10:15: Processing bone Bone.016...
13:10:15: Processing bone Bone.008...
13:10:15: Processing bone Bone.009...
13:10:15: Processing bone Bone.006...
13:10:15: Processing bone Bone.015...
13:10:15: Processing bone Bone.012...
13:10:15: Processing bone Bone.013...
13:10:15: Processing bone Bone.001...
13:10:15: Processing bone Bone.002...
13:10:15: Processing bone Bone.003...
13:10:15: Processing bone Bone.004...
13:10:15: Processing bone Bone.005...
13:10:15: Processing bone Bone...
13:10:15: Processing bone Bone.007...
13:10:15: Processing animation Swim...
13:10:15: Exporting bones..
13:10:15: Bones exported.
13:10:15: Exporting animations, count=1
13:10:15: Exporting animation: Swim
13:10:15: Animation exported.
13:10:15: Skeleton saved as Whale-whalebone.skeleton.
