12:59:46: Creating resource group General
12:59:46: Creating resource group Internal
12:59:46: Creating resource group Autodetect
12:59:46: Registering ResourceManager for type Mesh
12:59:46: Registering ResourceManager for type Material
12:59:46: Registering ResourceManager for type Skeleton
12:59:47: XMLMeshSerializer reading mesh data from C:\PythonOgre\demos\ogreforests\media\Characters\Whale.mesh.xml...
12:59:47: Reading submeshes...
12:59:47: Reading geometry...
12:59:48: Geometry done...
12:59:48: Reading bone assignments...
12:59:48: Bone assignments done.
12:59:48: Submeshes done.
12:59:48: Skeleton: Loading Whale-whalebone.skeleton
12:59:48: OGRE EXCEPTION(6:FileNotFoundException): Cannot locate resource Whale-whalebone.skeleton in resource group General or any other group. in ResourceGroupManager::openResource at ..\src\OgreResourceGroupManager.cpp (line 603)
12:59:48: Unable to load skeleton Whale-whalebone.skeleton for Mesh conversion. This Mesh will not be animated. You can ignore this message if you are using an offline tool.
12:59:49: XMLMeshSerializer import successful.
12:59:49: Reorganising vertex buffers to automatic layout..
12:59:49: MeshSerializer writing mesh data to C:\PythonOgre\demos\ogreforests\media\Characters\Whale.mesh...
12:59:49: File header written.
12:59:49: Writing mesh data...
12:59:49: Writing submesh...
12:59:49: Exporting submesh texture aliases...
12:59:49: Submesh texture aliases exported.
12:59:49: Exporting dedicated geometry bone assignments...
12:59:49: Dedicated geometry bone assignments exported.
12:59:49: Submesh exported.
12:59:49: Exporting skeleton link...
12:59:49: Skeleton link exported.
12:59:49: Exporting bounds information....
12:59:49: Bounds information exported.
12:59:49: Exporting submesh name table...
12:59:49: Submesh name table exported.
12:59:49: Exporting edge lists...
12:59:49: Edge lists exported
12:59:49: Mesh data exported.
12:59:49: MeshSerializer export successful.
12:59:49: Unregistering ResourceManager for type Skeleton
12:59:49: Unregistering ResourceManager for type Material
12:59:49: Unregistering ResourceManager for type Mesh
