19:05:30: Creating resource group General
19:05:30: Creating resource group Internal
19:05:30: Creating resource group Autodetect
19:05:30: Registering ResourceManager for type Material
19:05:30: Registering ResourceManager for type Skeleton
19:05:30: Registering ResourceManager for type Mesh
19:05:31: MeshSerializer writing mesh data to racingcircuit.mesh...
19:05:31: File header written.
19:05:31: Writing mesh data...
19:05:31: Writing submesh...
19:05:31: Exporting submesh texture aliases...
19:05:31: Submesh texture aliases exported.
19:05:31: Submesh exported.
19:05:31: Writing submesh...
19:05:31: Exporting submesh texture aliases...
19:05:31: Submesh texture aliases exported.
19:05:31: Submesh exported.
19:05:31: Writing submesh...
19:05:31: Exporting submesh texture aliases...
19:05:31: Submesh texture aliases exported.
19:05:31: Submesh exported.
19:05:31: Writing submesh...
19:05:31: Exporting submesh texture aliases...
19:05:31: Submesh texture aliases exported.
19:05:31: Submesh exported.
19:05:31: Writing submesh...
19:05:31: Exporting submesh texture aliases...
19:05:31: Submesh texture aliases exported.
19:05:31: Submesh exported.
19:05:31: Writing submesh...
19:05:31: Exporting submesh texture aliases...
19:05:31: Submesh texture aliases exported.
19:05:31: Submesh exported.
19:05:31: Writing submesh...
19:05:31: Exporting submesh texture aliases...
19:05:31: Submesh texture aliases exported.
19:05:31: Submesh exported.
19:05:31: Writing submesh...
19:05:31: Exporting submesh texture aliases...
19:05:31: Submesh texture aliases exported.
19:05:31: Submesh exported.
19:05:31: Writing submesh...
19:05:31: Exporting submesh texture aliases...
19:05:31: Submesh texture aliases exported.
19:05:31: Submesh exported.
19:05:31: Writing submesh...
19:05:31: Exporting submesh texture aliases...
19:05:31: Submesh texture aliases exported.
19:05:31: Submesh exported.
19:05:31: Writing submesh...
19:05:31: Exporting submesh texture aliases...
19:05:31: Submesh texture aliases exported.
19:05:31: Submesh exported.
19:05:31: Writing submesh...
19:05:31: Exporting submesh texture aliases...
19:05:31: Submesh texture aliases exported.
19:05:31: Submesh exported.
19:05:31: Exporting bounds information....
19:05:31: Bounds information exported.
19:05:31: Exporting submesh name table...
19:05:31: Submesh name table exported.
19:05:31: Exporting edge lists...
19:05:31: Edge lists exported
19:05:31: Mesh data exported.
19:05:31: MeshSerializer export successful.
19:05:31: Unregistering ResourceManager for type Mesh
19:05:31: Unregistering ResourceManager for type Skeleton
19:05:31: Unregistering ResourceManager for type Material
